[{"line":2,"elements":[{"start_timestamp":"2023-03-12T18:51:47.900Z","before":[{"result":{"error_message":"org.openqa.selenium.remote.http.ConnectionFailedException: Unable to establish websocket connection to http://localhost:50586/devtools/browser/f4135229-350e-4d5d-96c1-9a6fe30a98a2\nBuild info: version: '4.4.0', revision: 'e5c75ed026a'\nSystem info: host: 'Johns-MBP', ip: '2600:4040:4020:1e00:59a3:d540:dde7:be92%en0', os.name: 'Mac OS X', os.arch: 'aarch64', os.version: '13.2', java.version: '17.0.4.1'\nDriver info: driver.version: ChromeDriver\n\tat org.openqa.selenium.remote.http.netty.NettyWebSocket.<init>(NettyWebSocket.java:102)\n\tat org.openqa.selenium.remote.http.netty.NettyWebSocket.lambda$create$3(NettyWebSocket.java:128)\n\tat org.openqa.selenium.remote.http.netty.NettyClient.openSocket(NettyClient.java:106)\n\tat org.openqa.selenium.devtools.Connection.<init>(Connection.java:77)\n\tat org.openqa.selenium.chromium.ChromiumDriver.lambda$new$2(ChromiumDriver.java:116)\n\tat java.base/java.util.Optional.map(Optional.java:260)\n\tat org.openqa.selenium.chromium.ChromiumDriver.<init>(ChromiumDriver.java:114)\n\tat org.openqa.selenium.chrome.ChromeDriver.<init>(ChromeDriver.java:81)\n\tat org.openqa.selenium.chrome.ChromeDriver.<init>(ChromeDriver.java:70)\n\tat tek.sdet.framework.config.ChromeHeadless.openBrowser(ChromeHeadless.java:16)\n\tat tek.sdet.framework.base.BaseSetup.setupBrowser(BaseSetup.java:54)\n\tat tek.sdet.framework.base.BaseUITest.setupTests(BaseUITest.java:11)\n","duration":790438000,"status":"failed"},"match":{"location":"tek.sdet.framework.base.BaseUITest.setupTests()"}}],"line":5,"name":"Verify Shop by Department sidebar","description":"","id":"retail-home-page;verify-shop-by-department-sidebar","after":[{"result":{"error_message":"java.lang.NullPointerException: Cannot invoke \"org.openqa.selenium.TakesScreenshot.getScreenshotAs(org.openqa.selenium.OutputType)\" because the return value of \"tek.sdet.framework.utilities.CommonUtility.getDriver()\" is null\n\tat tek.sdet.framework.utilities.CommonUtility.takeScreenShotAsBytes(CommonUtility.java:60)\n\tat tek.sdet.framework.base.BaseUITest.closeTests(BaseUITest.java:16)\n","duration":491000,"status":"failed"},"match":{"location":"tek.sdet.framework.base.BaseUITest.closeTests(io.cucumber.java.Scenario)"}}],"type":"scenario","keyword":"Scenario","steps":[{"result":{"duration":117000,"status":"skipped"},"line":6,"name":"User is on retail website","match":{"location":"tek.sdet.framework.steps.RetailSteps.userIsOnRetailWebsite()"},"keyword":"Given "},{"result":{"duration":33000,"status":"skipped"},"line":7,"name":"User click on All section","match":{"location":"tek.sdet.framework.steps.HomeSteps.userClickOnAllSection()"},"keyword":"When "},{"result":{"duration":45000,"status":"skipped"},"line":8,"name":"below options are present in Shop by Department sidebar","match":{"location":"tek.sdet.framework.steps.HomeSteps.belowOptionsArePresentInShopByDepartmentSidebar(io.cucumber.datatable.DataTable)"},"rows":[{"cells":["Electronics","Computers","Smart Home","Sports","Automative"]}],"keyword":"Then "}],"tags":[{"name":"@jenkinsRun"},{"name":"@home"}]},{"start_timestamp":"2023-03-12T18:51:48.721Z","before":[{"result":{"error_message":"org.openqa.selenium.remote.http.ConnectionFailedException: Unable to establish websocket connection to http://localhost:50595/devtools/browser/1b025c83-80fc-442f-82d8-87238c36f307\nBuild info: version: '4.4.0', revision: 'e5c75ed026a'\nSystem info: host: 'Johns-MBP', ip: '2600:4040:4020:1e00:59a3:d540:dde7:be92%en0', os.name: 'Mac OS X', os.arch: 'aarch64', os.version: '13.2', java.version: '17.0.4.1'\nDriver info: driver.version: ChromeDriver\n\tat org.openqa.selenium.remote.http.netty.NettyWebSocket.<init>(NettyWebSocket.java:102)\n\tat org.openqa.selenium.remote.http.netty.NettyWebSocket.lambda$create$3(NettyWebSocket.java:128)\n\tat org.openqa.selenium.remote.http.netty.NettyClient.openSocket(NettyClient.java:106)\n\tat org.openqa.selenium.devtools.Connection.<init>(Connection.java:77)\n\tat org.openqa.selenium.chromium.ChromiumDriver.lambda$new$2(ChromiumDriver.java:116)\n\tat java.base/java.util.Optional.map(Optional.java:260)\n\tat org.openqa.selenium.chromium.ChromiumDriver.<init>(ChromiumDriver.java:114)\n\tat org.openqa.selenium.chrome.ChromeDriver.<init>(ChromeDriver.java:81)\n\tat org.openqa.selenium.chrome.ChromeDriver.<init>(ChromeDriver.java:70)\n\tat tek.sdet.framework.config.ChromeHeadless.openBrowser(ChromeHeadless.java:16)\n\tat tek.sdet.framework.base.BaseSetup.setupBrowser(BaseSetup.java:54)\n\tat tek.sdet.framework.base.BaseUITest.setupTests(BaseUITest.java:11)\n","duration":322916000,"status":"failed"},"match":{"location":"tek.sdet.framework.base.BaseUITest.setupTests()"}}],"line":21,"name":"Verify Department sidebar options","description":"","id":"retail-home-page;verify-department-sidebar-options;;2","after":[{"result":{"error_message":"java.lang.NullPointerException: Cannot invoke \"org.openqa.selenium.TakesScreenshot.getScreenshotAs(org.openqa.selenium.OutputType)\" because the return value of \"tek.sdet.framework.utilities.CommonUtility.getDriver()\" is null\n\tat tek.sdet.framework.utilities.CommonUtility.takeScreenShotAsBytes(CommonUtility.java:60)\n\tat tek.sdet.framework.base.BaseUITest.closeTests(BaseUITest.java:16)\n","duration":86000,"status":"failed"},"match":{"location":"tek.sdet.framework.base.BaseUITest.closeTests(io.cucumber.java.Scenario)"}}],"type":"scenario","keyword":"Scenario Outline","steps":[{"result":{"duration":41000,"status":"skipped"},"line":13,"name":"User is on retail website","match":{"location":"tek.sdet.framework.steps.RetailSteps.userIsOnRetailWebsite()"},"keyword":"Given "},{"result":{"duration":23000,"status":"skipped"},"line":14,"name":"User click on All section","match":{"location":"tek.sdet.framework.steps.HomeSteps.userClickOnAllSection()"},"keyword":"When "},{"result":{"duration":21000,"status":"skipped"},"line":15,"name":"User on 'Electronics'","match":{"arguments":[{"val":"'Electronics'","offset":8}],"location":"tek.sdet.framework.steps.HomeSteps.userOnElectronics(java.lang.String)"},"keyword":"And "},{"result":{"duration":52000,"status":"skipped"},"line":16,"name":"below options are present in department","match":{"location":"tek.sdet.framework.steps.HomeSteps.belowOptionsArePresentInDepartment(io.cucumber.datatable.DataTable)"},"rows":[{"cells":["TV & Video","Video Games"]}],"keyword":"Then "}],"tags":[{"name":"@jenkinsRun"},{"name":"@home1"}]},{"start_timestamp":"2023-03-12T18:51:49.057Z","before":[{"result":{"error_message":"org.openqa.selenium.remote.http.ConnectionFailedException: Unable to establish websocket connection to http://localhost:50604/devtools/browser/78d731b1-5c9d-48e9-848c-db7ff124e20f\nBuild info: version: '4.4.0', revision: 'e5c75ed026a'\nSystem info: host: 'Johns-MBP', ip: '2600:4040:4020:1e00:59a3:d540:dde7:be92%en0', os.name: 'Mac OS X', os.arch: 'aarch64', os.version: '13.2', java.version: '17.0.4.1'\nDriver info: driver.version: ChromeDriver\n\tat org.openqa.selenium.remote.http.netty.NettyWebSocket.<init>(NettyWebSocket.java:102)\n\tat org.openqa.selenium.remote.http.netty.NettyWebSocket.lambda$create$3(NettyWebSocket.java:128)\n\tat org.openqa.selenium.remote.http.netty.NettyClient.openSocket(NettyClient.java:106)\n\tat org.openqa.selenium.devtools.Connection.<init>(Connection.java:77)\n\tat org.openqa.selenium.chromium.ChromiumDriver.lambda$new$2(ChromiumDriver.java:116)\n\tat java.base/java.util.Optional.map(Optional.java:260)\n\tat org.openqa.selenium.chromium.ChromiumDriver.<init>(ChromiumDriver.java:114)\n\tat org.openqa.selenium.chrome.ChromeDriver.<init>(ChromeDriver.java:81)\n\tat org.openqa.selenium.chrome.ChromeDriver.<init>(ChromeDriver.java:70)\n\tat tek.sdet.framework.config.ChromeHeadless.openBrowser(ChromeHeadless.java:16)\n\tat tek.sdet.framework.base.BaseSetup.setupBrowser(BaseSetup.java:54)\n\tat tek.sdet.framework.base.BaseUITest.setupTests(BaseUITest.java:11)\n","duration":329442000,"status":"failed"},"match":{"location":"tek.sdet.framework.base.BaseUITest.setupTests()"}}],"line":22,"name":"Verify Department sidebar options","description":"","id":"retail-home-page;verify-department-sidebar-options;;3","after":[{"result":{"error_message":"java.lang.NullPointerException: Cannot invoke \"org.openqa.selenium.TakesScreenshot.getScreenshotAs(org.openqa.selenium.OutputType)\" because the return value of \"tek.sdet.framework.utilities.CommonUtility.getDriver()\" is null\n\tat tek.sdet.framework.utilities.CommonUtility.takeScreenShotAsBytes(CommonUtility.java:60)\n\tat tek.sdet.framework.base.BaseUITest.closeTests(BaseUITest.java:16)\n","duration":85000,"status":"failed"},"match":{"location":"tek.sdet.framework.base.BaseUITest.closeTests(io.cucumber.java.Scenario)"}}],"type":"scenario","keyword":"Scenario Outline","steps":[{"result":{"duration":39000,"status":"skipped"},"line":13,"name":"User is on retail website","match":{"location":"tek.sdet.framework.steps.RetailSteps.userIsOnRetailWebsite()"},"keyword":"Given "},{"result":{"duration":22000,"status":"skipped"},"line":14,"name":"User click on All section","match":{"location":"tek.sdet.framework.steps.HomeSteps.userClickOnAllSection()"},"keyword":"When "},{"result":{"duration":24000,"status":"skipped"},"line":15,"name":"User on 'Computers'","match":{"arguments":[{"val":"'Computers'","offset":8}],"location":"tek.sdet.framework.steps.HomeSteps.userOnElectronics(java.lang.String)"},"keyword":"And "},{"result":{"duration":275000,"status":"skipped"},"line":16,"name":"below options are present in department","match":{"location":"tek.sdet.framework.steps.HomeSteps.belowOptionsArePresentInDepartment(io.cucumber.datatable.DataTable)"},"rows":[{"cells":["Accessories","Networking"]}],"keyword":"Then "}],"tags":[{"name":"@jenkinsRun"},{"name":"@home1"}]},{"start_timestamp":"2023-03-12T18:51:49.392Z","before":[{"result":{"error_message":"org.openqa.selenium.remote.http.ConnectionFailedException: Unable to establish websocket connection to http://localhost:50613/devtools/browser/bfe4886a-569f-40b2-80ce-91f65ce5021a\nBuild info: version: '4.4.0', revision: 'e5c75ed026a'\nSystem info: host: 'Johns-MBP', ip: '2600:4040:4020:1e00:59a3:d540:dde7:be92%en0', os.name: 'Mac OS X', os.arch: 'aarch64', os.version: '13.2', java.version: '17.0.4.1'\nDriver info: driver.version: ChromeDriver\n\tat org.openqa.selenium.remote.http.netty.NettyWebSocket.<init>(NettyWebSocket.java:102)\n\tat org.openqa.selenium.remote.http.netty.NettyWebSocket.lambda$create$3(NettyWebSocket.java:128)\n\tat org.openqa.selenium.remote.http.netty.NettyClient.openSocket(NettyClient.java:106)\n\tat org.openqa.selenium.devtools.Connection.<init>(Connection.java:77)\n\tat org.openqa.selenium.chromium.ChromiumDriver.lambda$new$2(ChromiumDriver.java:116)\n\tat java.base/java.util.Optional.map(Optional.java:260)\n\tat org.openqa.selenium.chromium.ChromiumDriver.<init>(ChromiumDriver.java:114)\n\tat org.openqa.selenium.chrome.ChromeDriver.<init>(ChromeDriver.java:81)\n\tat org.openqa.selenium.chrome.ChromeDriver.<init>(ChromeDriver.java:70)\n\tat tek.sdet.framework.config.ChromeHeadless.openBrowser(ChromeHeadless.java:16)\n\tat tek.sdet.framework.base.BaseSetup.setupBrowser(BaseSetup.java:54)\n\tat tek.sdet.framework.base.BaseUITest.setupTests(BaseUITest.java:11)\n","duration":307861000,"status":"failed"},"match":{"location":"tek.sdet.framework.base.BaseUITest.setupTests()"}}],"line":23,"name":"Verify Department sidebar options","description":"","id":"retail-home-page;verify-department-sidebar-options;;4","after":[{"result":{"error_message":"java.lang.NullPointerException: Cannot invoke \"org.openqa.selenium.TakesScreenshot.getScreenshotAs(org.openqa.selenium.OutputType)\" because the return value of \"tek.sdet.framework.utilities.CommonUtility.getDriver()\" is null\n\tat tek.sdet.framework.utilities.CommonUtility.takeScreenShotAsBytes(CommonUtility.java:60)\n\tat tek.sdet.framework.base.BaseUITest.closeTests(BaseUITest.java:16)\n","duration":73000,"status":"failed"},"match":{"location":"tek.sdet.framework.base.BaseUITest.closeTests(io.cucumber.java.Scenario)"}}],"type":"scenario","keyword":"Scenario Outline","steps":[{"result":{"duration":35000,"status":"skipped"},"line":13,"name":"User is on retail website","match":{"location":"tek.sdet.framework.steps.RetailSteps.userIsOnRetailWebsite()"},"keyword":"Given "},{"result":{"duration":28000,"status":"skipped"},"line":14,"name":"User click on All section","match":{"location":"tek.sdet.framework.steps.HomeSteps.userClickOnAllSection()"},"keyword":"When "},{"result":{"duration":21000,"status":"skipped"},"line":15,"name":"User on 'Smart Home'","match":{"arguments":[{"val":"'Smart Home'","offset":8}],"location":"tek.sdet.framework.steps.HomeSteps.userOnElectronics(java.lang.String)"},"keyword":"And "},{"result":{"duration":26000,"status":"skipped"},"line":16,"name":"below options are present in department","match":{"location":"tek.sdet.framework.steps.HomeSteps.belowOptionsArePresentInDepartment(io.cucumber.datatable.DataTable)"},"rows":[{"cells":["Smart Home Lightning","Plugs and Outlets"]}],"keyword":"Then "}],"tags":[{"name":"@jenkinsRun"},{"name":"@home1"}]},{"start_timestamp":"2023-03-12T18:51:49.704Z","before":[{"result":{"error_message":"org.openqa.selenium.remote.http.ConnectionFailedException: Unable to establish websocket connection to http://localhost:50622/devtools/browser/e842260c-09f6-4ff2-8b83-0ebbff57121d\nBuild info: version: '4.4.0', revision: 'e5c75ed026a'\nSystem info: host: 'Johns-MBP', ip: '2600:4040:4020:1e00:59a3:d540:dde7:be92%en0', os.name: 'Mac OS X', os.arch: 'aarch64', os.version: '13.2', java.version: '17.0.4.1'\nDriver info: driver.version: ChromeDriver\n\tat org.openqa.selenium.remote.http.netty.NettyWebSocket.<init>(NettyWebSocket.java:102)\n\tat org.openqa.selenium.remote.http.netty.NettyWebSocket.lambda$create$3(NettyWebSocket.java:128)\n\tat org.openqa.selenium.remote.http.netty.NettyClient.openSocket(NettyClient.java:106)\n\tat org.openqa.selenium.devtools.Connection.<init>(Connection.java:77)\n\tat org.openqa.selenium.chromium.ChromiumDriver.lambda$new$2(ChromiumDriver.java:116)\n\tat java.base/java.util.Optional.map(Optional.java:260)\n\tat org.openqa.selenium.chromium.ChromiumDriver.<init>(ChromiumDriver.java:114)\n\tat org.openqa.selenium.chrome.ChromeDriver.<init>(ChromeDriver.java:81)\n\tat org.openqa.selenium.chrome.ChromeDriver.<init>(ChromeDriver.java:70)\n\tat tek.sdet.framework.config.ChromeHeadless.openBrowser(ChromeHeadless.java:16)\n\tat tek.sdet.framework.base.BaseSetup.setupBrowser(BaseSetup.java:54)\n\tat tek.sdet.framework.base.BaseUITest.setupTests(BaseUITest.java:11)\n","duration":308189000,"status":"failed"},"match":{"location":"tek.sdet.framework.base.BaseUITest.setupTests()"}}],"line":24,"name":"Verify Department sidebar options","description":"","id":"retail-home-page;verify-department-sidebar-options;;5","after":[{"result":{"error_message":"java.lang.NullPointerException: Cannot invoke \"org.openqa.selenium.TakesScreenshot.getScreenshotAs(org.openqa.selenium.OutputType)\" because the return value of \"tek.sdet.framework.utilities.CommonUtility.getDriver()\" is null\n\tat tek.sdet.framework.utilities.CommonUtility.takeScreenShotAsBytes(CommonUtility.java:60)\n\tat tek.sdet.framework.base.BaseUITest.closeTests(BaseUITest.java:16)\n","duration":73000,"status":"failed"},"match":{"location":"tek.sdet.framework.base.BaseUITest.closeTests(io.cucumber.java.Scenario)"}}],"type":"scenario","keyword":"Scenario Outline","steps":[{"result":{"duration":34000,"status":"skipped"},"line":13,"name":"User is on retail website","match":{"location":"tek.sdet.framework.steps.RetailSteps.userIsOnRetailWebsite()"},"keyword":"Given "},{"result":{"duration":20000,"status":"skipped"},"line":14,"name":"User click on All section","match":{"location":"tek.sdet.framework.steps.HomeSteps.userClickOnAllSection()"},"keyword":"When "},{"result":{"duration":21000,"status":"skipped"},"line":15,"name":"User on 'Sports'","match":{"arguments":[{"val":"'Sports'","offset":8}],"location":"tek.sdet.framework.steps.HomeSteps.userOnElectronics(java.lang.String)"},"keyword":"And "},{"result":{"duration":32000,"status":"skipped"},"line":16,"name":"below options are present in department","match":{"location":"tek.sdet.framework.steps.HomeSteps.belowOptionsArePresentInDepartment(io.cucumber.datatable.DataTable)"},"rows":[{"cells":["Athletic Clothing","Exercise & Fitness"]}],"keyword":"Then "}],"tags":[{"name":"@jenkinsRun"},{"name":"@home1"}]},{"start_timestamp":"2023-03-12T18:51:50.016Z","before":[{"result":{"error_message":"org.openqa.selenium.remote.http.ConnectionFailedException: Unable to establish websocket connection to http://localhost:50631/devtools/browser/3c800d7f-2529-4230-9317-655f8a94015d\nBuild info: version: '4.4.0', revision: 'e5c75ed026a'\nSystem info: host: 'Johns-MBP', ip: '2600:4040:4020:1e00:59a3:d540:dde7:be92%en0', os.name: 'Mac OS X', os.arch: 'aarch64', os.version: '13.2', java.version: '17.0.4.1'\nDriver info: driver.version: ChromeDriver\n\tat org.openqa.selenium.remote.http.netty.NettyWebSocket.<init>(NettyWebSocket.java:102)\n\tat org.openqa.selenium.remote.http.netty.NettyWebSocket.lambda$create$3(NettyWebSocket.java:128)\n\tat org.openqa.selenium.remote.http.netty.NettyClient.openSocket(NettyClient.java:106)\n\tat org.openqa.selenium.devtools.Connection.<init>(Connection.java:77)\n\tat org.openqa.selenium.chromium.ChromiumDriver.lambda$new$2(ChromiumDriver.java:116)\n\tat java.base/java.util.Optional.map(Optional.java:260)\n\tat org.openqa.selenium.chromium.ChromiumDriver.<init>(ChromiumDriver.java:114)\n\tat org.openqa.selenium.chrome.ChromeDriver.<init>(ChromeDriver.java:81)\n\tat org.openqa.selenium.chrome.ChromeDriver.<init>(ChromeDriver.java:70)\n\tat tek.sdet.framework.config.ChromeHeadless.openBrowser(ChromeHeadless.java:16)\n\tat tek.sdet.framework.base.BaseSetup.setupBrowser(BaseSetup.java:54)\n\tat tek.sdet.framework.base.BaseUITest.setupTests(BaseUITest.java:11)\n","duration":311698000,"status":"failed"},"match":{"location":"tek.sdet.framework.base.BaseUITest.setupTests()"}}],"line":25,"name":"Verify Department sidebar options","description":"","id":"retail-home-page;verify-department-sidebar-options;;6","after":[{"result":{"error_message":"java.lang.NullPointerException: Cannot invoke \"org.openqa.selenium.TakesScreenshot.getScreenshotAs(org.openqa.selenium.OutputType)\" because the return value of \"tek.sdet.framework.utilities.CommonUtility.getDriver()\" is null\n\tat tek.sdet.framework.utilities.CommonUtility.takeScreenShotAsBytes(CommonUtility.java:60)\n\tat tek.sdet.framework.base.BaseUITest.closeTests(BaseUITest.java:16)\n","duration":73000,"status":"failed"},"match":{"location":"tek.sdet.framework.base.BaseUITest.closeTests(io.cucumber.java.Scenario)"}}],"type":"scenario","keyword":"Scenario Outline","steps":[{"result":{"duration":35000,"status":"skipped"},"line":13,"name":"User is on retail website","match":{"location":"tek.sdet.framework.steps.RetailSteps.userIsOnRetailWebsite()"},"keyword":"Given "},{"result":{"duration":24000,"status":"skipped"},"line":14,"name":"User click on All section","match":{"location":"tek.sdet.framework.steps.HomeSteps.userClickOnAllSection()"},"keyword":"When "},{"result":{"duration":31000,"status":"skipped"},"line":15,"name":"User on 'Automative'","match":{"arguments":[{"val":"'Automative'","offset":8}],"location":"tek.sdet.framework.steps.HomeSteps.userOnElectronics(java.lang.String)"},"keyword":"And "},{"result":{"duration":31000,"status":"skipped"},"line":16,"name":"below options are present in department","match":{"location":"tek.sdet.framework.steps.HomeSteps.belowOptionsArePresentInDepartment(io.cucumber.datatable.DataTable)"},"rows":[{"cells":["Automative Parts & Accessories","MotorCycle & Powersports"]}],"keyword":"Then "}],"tags":[{"name":"@jenkinsRun"},{"name":"@home1"}]},{"start_timestamp":"2023-03-12T18:51:50.333Z","before":[{"result":{"error_message":"org.openqa.selenium.remote.http.ConnectionFailedException: Unable to establish websocket connection to http://localhost:50640/devtools/browser/e9e302d7-1b79-4cf9-b932-240a5dfa8159\nBuild info: version: '4.4.0', revision: 'e5c75ed026a'\nSystem info: host: 'Johns-MBP', ip: '2600:4040:4020:1e00:59a3:d540:dde7:be92%en0', os.name: 'Mac OS X', os.arch: 'aarch64', os.version: '13.2', java.version: '17.0.4.1'\nDriver info: driver.version: ChromeDriver\n\tat org.openqa.selenium.remote.http.netty.NettyWebSocket.<init>(NettyWebSocket.java:102)\n\tat org.openqa.selenium.remote.http.netty.NettyWebSocket.lambda$create$3(NettyWebSocket.java:128)\n\tat org.openqa.selenium.remote.http.netty.NettyClient.openSocket(NettyClient.java:106)\n\tat org.openqa.selenium.devtools.Connection.<init>(Connection.java:77)\n\tat org.openqa.selenium.chromium.ChromiumDriver.lambda$new$2(ChromiumDriver.java:116)\n\tat java.base/java.util.Optional.map(Optional.java:260)\n\tat org.openqa.selenium.chromium.ChromiumDriver.<init>(ChromiumDriver.java:114)\n\tat org.openqa.selenium.chrome.ChromeDriver.<init>(ChromeDriver.java:81)\n\tat org.openqa.selenium.chrome.ChromeDriver.<init>(ChromeDriver.java:70)\n\tat tek.sdet.framework.config.ChromeHeadless.openBrowser(ChromeHeadless.java:16)\n\tat tek.sdet.framework.base.BaseSetup.setupBrowser(BaseSetup.java:54)\n\tat tek.sdet.framework.base.BaseUITest.setupTests(BaseUITest.java:11)\n","duration":325308000,"status":"failed"},"match":{"location":"tek.sdet.framework.base.BaseUITest.setupTests()"}}],"line":28,"name":"Verify User can add an item to cart","description":"","id":"retail-home-page;verify-user-can-add-an-item-to-cart","after":[{"result":{"error_message":"java.lang.NullPointerException: Cannot invoke \"org.openqa.selenium.TakesScreenshot.getScreenshotAs(org.openqa.selenium.OutputType)\" because the return value of \"tek.sdet.framework.utilities.CommonUtility.getDriver()\" is null\n\tat tek.sdet.framework.utilities.CommonUtility.takeScreenShotAsBytes(CommonUtility.java:60)\n\tat tek.sdet.framework.base.BaseUITest.closeTests(BaseUITest.java:16)\n","duration":84000,"status":"failed"},"match":{"location":"tek.sdet.framework.base.BaseUITest.closeTests(io.cucumber.java.Scenario)"}}],"type":"scenario","keyword":"Scenario","steps":[{"result":{"duration":32000,"status":"skipped"},"line":29,"name":"User is on retail website","match":{"location":"tek.sdet.framework.steps.RetailSteps.userIsOnRetailWebsite()"},"keyword":"Given "},{"result":{"duration":20000,"status":"skipped"},"line":30,"name":"User click on Sign in option","match":{"location":"tek.sdet.framework.steps.SignInSteps.userClickOnSignInOption()"},"keyword":"When "},{"result":{"duration":20000,"status":"skipped"},"line":31,"name":"User enter email 'james12345@gmail.com' and password 'Home/1234'","match":{"arguments":[{"val":"'james12345@gmail.com'","offset":17},{"val":"'Home/1234'","offset":53}],"location":"tek.sdet.framework.steps.SignInSteps.userEnterEmailAndPassword(java.lang.String,java.lang.String)"},"keyword":"And "},{"result":{"duration":114000,"status":"skipped"},"line":32,"name":"User click on login button","match":{"location":"tek.sdet.framework.steps.SignInSteps.userClickOnLoginButton()"},"keyword":"And "},{"result":{"duration":23000,"status":"skipped"},"line":33,"name":"User should be logged in into Account","match":{"location":"tek.sdet.framework.steps.SignInSteps.userShouldBeLoggedInIntoAccount()"},"keyword":"And "},{"result":{"duration":20000,"status":"skipped"},"line":34,"name":"User change the category to 'Smart Home'","match":{"arguments":[{"val":"'Smart Home'","offset":28}],"location":"tek.sdet.framework.steps.HomeSteps.userChangeTheCategoryTo(java.lang.String)"},"keyword":"And "},{"result":{"duration":18000,"status":"skipped"},"line":35,"name":"User search for an item 'kasa outdoor smart plug'","match":{"arguments":[{"val":"'kasa outdoor smart plug'","offset":24}],"location":"tek.sdet.framework.steps.HomeSteps.userSearchForAnItem(java.lang.String)"},"keyword":"And "},{"result":{"duration":16000,"status":"skipped"},"line":36,"name":"User click on Search icon","match":{"location":"tek.sdet.framework.steps.HomeSteps.userClickOnSearchIcon()"},"keyword":"And "},{"result":{"duration":17000,"status":"skipped"},"line":37,"name":"User click on item","match":{"location":"tek.sdet.framework.steps.HomeSteps.userClickOnItem()"},"keyword":"And "},{"result":{"duration":18000,"status":"skipped"},"line":38,"name":"User select quantity ‘2’","match":{"arguments":[{"val":"2","offset":22}],"location":"tek.sdet.framework.steps.HomeSteps.userSelectQuantity(java.lang.Integer)"},"keyword":"And "},{"result":{"duration":24000,"status":"skipped"},"line":39,"name":"User click add to Cart button","match":{"location":"tek.sdet.framework.steps.HomeSteps.userClickAddToCartButton()"},"keyword":"And "},{"result":{"duration":41000,"status":"skipped"},"line":40,"name":"the cart icon quantity should change to ‘2’","match":{"arguments":[{"val":"2","offset":41}],"location":"tek.sdet.framework.steps.HomeSteps.theCartIconQuantityShouldChangeTo(java.lang.Integer)"},"keyword":"Then "}],"tags":[{"name":"@jenkinsRun"},{"name":"@home2"}]},{"start_timestamp":"2023-03-12T18:51:50.666Z","before":[{"result":{"error_message":"org.openqa.selenium.remote.http.ConnectionFailedException: Unable to establish websocket connection to http://localhost:50649/devtools/browser/5210b31b-c5ca-4af1-8ce2-522c45773653\nBuild info: version: '4.4.0', revision: 'e5c75ed026a'\nSystem info: host: 'Johns-MBP', ip: '2600:4040:4020:1e00:59a3:d540:dde7:be92%en0', os.name: 'Mac OS X', os.arch: 'aarch64', os.version: '13.2', java.version: '17.0.4.1'\nDriver info: driver.version: ChromeDriver\n\tat org.openqa.selenium.remote.http.netty.NettyWebSocket.<init>(NettyWebSocket.java:102)\n\tat org.openqa.selenium.remote.http.netty.NettyWebSocket.lambda$create$3(NettyWebSocket.java:128)\n\tat org.openqa.selenium.remote.http.netty.NettyClient.openSocket(NettyClient.java:106)\n\tat org.openqa.selenium.devtools.Connection.<init>(Connection.java:77)\n\tat org.openqa.selenium.chromium.ChromiumDriver.lambda$new$2(ChromiumDriver.java:116)\n\tat java.base/java.util.Optional.map(Optional.java:260)\n\tat org.openqa.selenium.chromium.ChromiumDriver.<init>(ChromiumDriver.java:114)\n\tat org.openqa.selenium.chrome.ChromeDriver.<init>(ChromeDriver.java:81)\n\tat org.openqa.selenium.chrome.ChromeDriver.<init>(ChromeDriver.java:70)\n\tat tek.sdet.framework.config.ChromeHeadless.openBrowser(ChromeHeadless.java:16)\n\tat tek.sdet.framework.base.BaseSetup.setupBrowser(BaseSetup.java:54)\n\tat tek.sdet.framework.base.BaseUITest.setupTests(BaseUITest.java:11)\n","duration":313253000,"status":"failed"},"match":{"location":"tek.sdet.framework.base.BaseUITest.setupTests()"}}],"line":43,"name":"Verify User can place an order without Shipping address and payment Method on file","description":"","id":"retail-home-page;verify-user-can-place-an-order-without-shipping-address-and-payment-method-on-file","after":[{"result":{"error_message":"java.lang.NullPointerException: Cannot invoke \"org.openqa.selenium.TakesScreenshot.getScreenshotAs(org.openqa.selenium.OutputType)\" because the return value of \"tek.sdet.framework.utilities.CommonUtility.getDriver()\" is null\n\tat tek.sdet.framework.utilities.CommonUtility.takeScreenShotAsBytes(CommonUtility.java:60)\n\tat tek.sdet.framework.base.BaseUITest.closeTests(BaseUITest.java:16)\n","duration":95000,"status":"failed"},"match":{"location":"tek.sdet.framework.base.BaseUITest.closeTests(io.cucumber.java.Scenario)"}}],"type":"scenario","keyword":"Scenario","steps":[{"result":{"duration":33000,"status":"skipped"},"line":44,"name":"User is on retail website","match":{"location":"tek.sdet.framework.steps.RetailSteps.userIsOnRetailWebsite()"},"keyword":"Given "},{"result":{"duration":18000,"status":"skipped"},"line":45,"name":"User click on Sign in option","match":{"location":"tek.sdet.framework.steps.SignInSteps.userClickOnSignInOption()"},"keyword":"When "},{"result":{"duration":19000,"status":"skipped"},"line":46,"name":"User enter email 'james12345@gmail.com' and password 'Home/1234'","match":{"arguments":[{"val":"'james12345@gmail.com'","offset":17},{"val":"'Home/1234'","offset":53}],"location":"tek.sdet.framework.steps.SignInSteps.userEnterEmailAndPassword(java.lang.String,java.lang.String)"},"keyword":"And "},{"result":{"duration":16000,"status":"skipped"},"line":47,"name":"User click on login button","match":{"location":"tek.sdet.framework.steps.SignInSteps.userClickOnLoginButton()"},"keyword":"And "},{"result":{"duration":17000,"status":"skipped"},"line":48,"name":"User should be logged in into Account","match":{"location":"tek.sdet.framework.steps.SignInSteps.userShouldBeLoggedInIntoAccount()"},"keyword":"And "},{"result":{"duration":49000,"status":"skipped"},"line":49,"name":"User change the category to 'Smart Home'","match":{"arguments":[{"val":"'Smart Home'","offset":28}],"location":"tek.sdet.framework.steps.HomeSteps.userChangeTheCategoryTo(java.lang.String)"},"keyword":"And "},{"result":{"duration":18000,"status":"skipped"},"line":50,"name":"User search for an item 'kasa outdoor smart plug'","match":{"arguments":[{"val":"'kasa outdoor smart plug'","offset":24}],"location":"tek.sdet.framework.steps.HomeSteps.userSearchForAnItem(java.lang.String)"},"keyword":"And "},{"result":{"duration":16000,"status":"skipped"},"line":51,"name":"User click on Search icon","match":{"location":"tek.sdet.framework.steps.HomeSteps.userClickOnSearchIcon()"},"keyword":"And "},{"result":{"duration":18000,"status":"skipped"},"line":52,"name":"User click on item","match":{"location":"tek.sdet.framework.steps.HomeSteps.userClickOnItem()"},"keyword":"And "},{"result":{"duration":16000,"status":"skipped"},"line":53,"name":"User select quantity ‘2’","match":{"arguments":[{"val":"2","offset":22}],"location":"tek.sdet.framework.steps.HomeSteps.userSelectQuantity(java.lang.Integer)"},"keyword":"And "},{"result":{"duration":25000,"status":"skipped"},"line":54,"name":"User click add to Cart button","match":{"location":"tek.sdet.framework.steps.HomeSteps.userClickAddToCartButton()"},"keyword":"And "},{"result":{"duration":15000,"status":"skipped"},"line":55,"name":"the cart icon quantity should change to ‘2’","match":{"arguments":[{"val":"2","offset":41}],"location":"tek.sdet.framework.steps.HomeSteps.theCartIconQuantityShouldChangeTo(java.lang.Integer)"},"keyword":"Then "},{"result":{"duration":17000,"status":"skipped"},"line":56,"name":"User click on Cart option","match":{"location":"tek.sdet.framework.steps.HomeSteps.userClickOnCartOption()"},"keyword":"And "},{"result":{"duration":16000,"status":"skipped"},"line":57,"name":"User click on Proceed to Checkout button","match":{"location":"tek.sdet.framework.steps.HomeSteps.userClickOnProceedToCheckoutButton()"},"keyword":"And "},{"result":{"duration":21000,"status":"skipped"},"line":58,"name":"User click Add a new address link for shipping address","match":{"location":"tek.sdet.framework.steps.HomeSteps.userClickAddANewAddressLinkForShippingAddress()"},"keyword":"And "},{"result":{"duration":35000,"status":"skipped"},"line":59,"name":"User fill new address form with below information","match":{"location":"tek.sdet.framework.steps.HomeSteps.userFillNewAddressFormWithBelowInformation(io.cucumber.datatable.DataTable)"},"rows":[{"cells":["country","fullName","phoneNumber","streetAddress","apt","city","state","zipCode"]},{"cells":["United States","hulk","4561237894","145 sky st","forest","vienna","Virginia","20147"]}],"keyword":"And "},{"result":{"duration":16000,"status":"skipped"},"line":62,"name":"User click Add Your Address button","match":{"location":"tek.sdet.framework.steps.RetailAccountSteps.userClickAddYourAddressButton()"},"keyword":"And "},{"result":{"duration":21000,"status":"skipped"},"line":63,"name":"User click Add a credit card or Debit Card for Payment method","match":{"location":"tek.sdet.framework.steps.HomeSteps.userClickAddACreditCardOrDebitCardForPaymentMethod()"},"keyword":"And "},{"result":{"duration":50000,"status":"skipped"},"line":64,"name":"User fill Debit or credit card information","match":{"location":"tek.sdet.framework.steps.RetailAccountSteps.userFillDebitOrCreditCardInformation(io.cucumber.datatable.DataTable)"},"rows":[{"cells":["cardNumber","nameOnCard","expirationMonth","expirationYear","securityCode"]},{"cells":["7845874512567894","Idontknow","5","2024","784"]}],"keyword":"And "},{"result":{"duration":18000,"status":"skipped"},"line":67,"name":"User click on Add your card button","match":{"location":"tek.sdet.framework.steps.RetailAccountSteps.userClickOnAddYourCardButton()"},"keyword":"And "},{"result":{"duration":15000,"status":"skipped"},"line":68,"name":"User click on Place Your Order","match":{"location":"tek.sdet.framework.steps.HomeSteps.userClickOnPlaceYourOrder()"},"keyword":"And "},{"result":{"duration":15000,"status":"skipped"},"line":69,"name":"a message should be displayed ‘Order Placed, Thanks’","match":{"location":"tek.sdet.framework.steps.HomeSteps.aMessageShouldBeDisplayedOrderPlacedThanks()"},"keyword":"Then "}],"tags":[{"name":"@jenkinsRun"},{"name":"@home3"}]},{"start_timestamp":"2023-03-12T18:51:50.995Z","before":[{"result":{"error_message":"org.openqa.selenium.remote.http.ConnectionFailedException: Unable to establish websocket connection to http://localhost:50658/devtools/browser/7ece58e6-09b2-4bc4-9028-1756b8952f90\nBuild info: version: '4.4.0', revision: 'e5c75ed026a'\nSystem info: host: 'Johns-MBP', ip: '2600:4040:4020:1e00:59a3:d540:dde7:be92%en0', os.name: 'Mac OS X', os.arch: 'aarch64', os.version: '13.2', java.version: '17.0.4.1'\nDriver info: driver.version: ChromeDriver\n\tat org.openqa.selenium.remote.http.netty.NettyWebSocket.<init>(NettyWebSocket.java:102)\n\tat org.openqa.selenium.remote.http.netty.NettyWebSocket.lambda$create$3(NettyWebSocket.java:128)\n\tat org.openqa.selenium.remote.http.netty.NettyClient.openSocket(NettyClient.java:106)\n\tat org.openqa.selenium.devtools.Connection.<init>(Connection.java:77)\n\tat org.openqa.selenium.chromium.ChromiumDriver.lambda$new$2(ChromiumDriver.java:116)\n\tat java.base/java.util.Optional.map(Optional.java:260)\n\tat org.openqa.selenium.chromium.ChromiumDriver.<init>(ChromiumDriver.java:114)\n\tat org.openqa.selenium.chrome.ChromeDriver.<init>(ChromeDriver.java:81)\n\tat org.openqa.selenium.chrome.ChromeDriver.<init>(ChromeDriver.java:70)\n\tat tek.sdet.framework.config.ChromeHeadless.openBrowser(ChromeHeadless.java:16)\n\tat tek.sdet.framework.base.BaseSetup.setupBrowser(BaseSetup.java:54)\n\tat tek.sdet.framework.base.BaseUITest.setupTests(BaseUITest.java:11)\n","duration":321175000,"status":"failed"},"match":{"location":"tek.sdet.framework.base.BaseUITest.setupTests()"}}],"line":72,"name":"Verify User can place an order with Shipping address and payment Method on file","description":"","id":"retail-home-page;verify-user-can-place-an-order-with-shipping-address-and-payment-method-on-file","after":[{"result":{"error_message":"java.lang.NullPointerException: Cannot invoke \"org.openqa.selenium.TakesScreenshot.getScreenshotAs(org.openqa.selenium.OutputType)\" because the return value of \"tek.sdet.framework.utilities.CommonUtility.getDriver()\" is null\n\tat tek.sdet.framework.utilities.CommonUtility.takeScreenShotAsBytes(CommonUtility.java:60)\n\tat tek.sdet.framework.base.BaseUITest.closeTests(BaseUITest.java:16)\n","duration":133000,"status":"failed"},"match":{"location":"tek.sdet.framework.base.BaseUITest.closeTests(io.cucumber.java.Scenario)"}}],"type":"scenario","keyword":"Scenario","steps":[{"result":{"duration":43000,"status":"skipped"},"line":73,"name":"User is on retail website","match":{"location":"tek.sdet.framework.steps.RetailSteps.userIsOnRetailWebsite()"},"keyword":"Given "},{"result":{"duration":19000,"status":"skipped"},"line":74,"name":"User click on Sign in option","match":{"location":"tek.sdet.framework.steps.SignInSteps.userClickOnSignInOption()"},"keyword":"When "},{"result":{"duration":27000,"status":"skipped"},"line":75,"name":"User enter email 'james12345@gmail.com' and password 'Home/1234'","match":{"arguments":[{"val":"'james12345@gmail.com'","offset":17},{"val":"'Home/1234'","offset":53}],"location":"tek.sdet.framework.steps.SignInSteps.userEnterEmailAndPassword(java.lang.String,java.lang.String)"},"keyword":"And "},{"result":{"duration":16000,"status":"skipped"},"line":76,"name":"User click on login button","match":{"location":"tek.sdet.framework.steps.SignInSteps.userClickOnLoginButton()"},"keyword":"And "},{"result":{"duration":17000,"status":"skipped"},"line":77,"name":"User should be logged in into Account","match":{"location":"tek.sdet.framework.steps.SignInSteps.userShouldBeLoggedInIntoAccount()"},"keyword":"And "},{"result":{"duration":15000,"status":"skipped"},"line":78,"name":"User change the category to 'Electronics'","match":{"arguments":[{"val":"'Electronics'","offset":28}],"location":"tek.sdet.framework.steps.HomeSteps.userChangeTheCategoryTo(java.lang.String)"},"keyword":"And "},{"result":{"duration":15000,"status":"skipped"},"line":79,"name":"User search for an item 'Apex Legends '","match":{"arguments":[{"val":"'Apex Legends '","offset":24}],"location":"tek.sdet.framework.steps.HomeSteps.userSearchForAnItem(java.lang.String)"},"keyword":"And "},{"result":{"duration":16000,"status":"skipped"},"line":80,"name":"User click on Search icon","match":{"location":"tek.sdet.framework.steps.HomeSteps.userClickOnSearchIcon()"},"keyword":"And "},{"result":{"duration":18000,"status":"skipped"},"line":81,"name":"User click on item","match":{"location":"tek.sdet.framework.steps.HomeSteps.userClickOnItem()"},"keyword":"And "},{"result":{"duration":15000,"status":"skipped"},"line":82,"name":"User select quantity ‘5’","match":{"arguments":[{"val":"5","offset":22}],"location":"tek.sdet.framework.steps.HomeSteps.userSelectQuantity(java.lang.Integer)"},"keyword":"And "},{"result":{"duration":17000,"status":"skipped"},"line":83,"name":"User click add to Cart button","match":{"location":"tek.sdet.framework.steps.HomeSteps.userClickAddToCartButton()"},"keyword":"And "},{"result":{"duration":17000,"status":"skipped"},"line":84,"name":"the cart icon quantity should change to ‘5’","match":{"arguments":[{"val":"5","offset":41}],"location":"tek.sdet.framework.steps.HomeSteps.theCartIconQuantityShouldChangeTo(java.lang.Integer)"},"keyword":"Then "},{"result":{"duration":19000,"status":"skipped"},"line":85,"name":"User click on Cart option","match":{"location":"tek.sdet.framework.steps.HomeSteps.userClickOnCartOption()"},"keyword":"And "},{"result":{"duration":16000,"status":"skipped"},"line":86,"name":"User click on Proceed to Checkout button","match":{"location":"tek.sdet.framework.steps.HomeSteps.userClickOnProceedToCheckoutButton()"},"keyword":"And "},{"result":{"duration":17000,"status":"skipped"},"line":87,"name":"User click on Place Your Order","match":{"location":"tek.sdet.framework.steps.HomeSteps.userClickOnPlaceYourOrder()"},"keyword":"And "},{"result":{"duration":15000,"status":"skipped"},"line":88,"name":"a message should be displayed ‘Order Placed, Thanks’","match":{"location":"tek.sdet.framework.steps.HomeSteps.aMessageShouldBeDisplayedOrderPlacedThanks()"},"keyword":"Then "}],"tags":[{"name":"@jenkinsRun"},{"name":"@home4"}]}],"name":"Retail Home Page","description":"","id":"retail-home-page","keyword":"Feature","uri":"classpath:features/Home.feature","tags":[{"name":"@jenkinsRun","type":"Tag","location":{"line":1,"column":1}}]},{"line":2,"elements":[{"start_timestamp":"2023-03-12T18:51:51.322Z","before":[{"result":{"error_message":"org.openqa.selenium.remote.http.ConnectionFailedException: Unable to establish websocket connection to http://localhost:50667/devtools/browser/61d0b094-f5ae-4e6a-acf3-94b40a295586\nBuild info: version: '4.4.0', revision: 'e5c75ed026a'\nSystem info: host: 'Johns-MBP', ip: '2600:4040:4020:1e00:59a3:d540:dde7:be92%en0', os.name: 'Mac OS X', os.arch: 'aarch64', os.version: '13.2', java.version: '17.0.4.1'\nDriver info: driver.version: ChromeDriver\n\tat org.openqa.selenium.remote.http.netty.NettyWebSocket.<init>(NettyWebSocket.java:102)\n\tat org.openqa.selenium.remote.http.netty.NettyWebSocket.lambda$create$3(NettyWebSocket.java:128)\n\tat org.openqa.selenium.remote.http.netty.NettyClient.openSocket(NettyClient.java:106)\n\tat org.openqa.selenium.devtools.Connection.<init>(Connection.java:77)\n\tat org.openqa.selenium.chromium.ChromiumDriver.lambda$new$2(ChromiumDriver.java:116)\n\tat java.base/java.util.Optional.map(Optional.java:260)\n\tat org.openqa.selenium.chromium.ChromiumDriver.<init>(ChromiumDriver.java:114)\n\tat org.openqa.selenium.chrome.ChromeDriver.<init>(ChromeDriver.java:81)\n\tat org.openqa.selenium.chrome.ChromeDriver.<init>(ChromeDriver.java:70)\n\tat tek.sdet.framework.config.ChromeHeadless.openBrowser(ChromeHeadless.java:16)\n\tat tek.sdet.framework.base.BaseSetup.setupBrowser(BaseSetup.java:54)\n\tat tek.sdet.framework.base.BaseUITest.setupTests(BaseUITest.java:11)\n","duration":356548000,"status":"failed"},"match":{"location":"tek.sdet.framework.base.BaseUITest.setupTests()"}}],"line":6,"name":"Verify user can search a product","description":"","id":"this-feature-is-use-for-testing-ui-of-retail-page;verify-user-can-search-a-product","after":[{"result":{"error_message":"java.lang.NullPointerException: Cannot invoke \"org.openqa.selenium.TakesScreenshot.getScreenshotAs(org.openqa.selenium.OutputType)\" because the return value of \"tek.sdet.framework.utilities.CommonUtility.getDriver()\" is null\n\tat tek.sdet.framework.utilities.CommonUtility.takeScreenShotAsBytes(CommonUtility.java:60)\n\tat tek.sdet.framework.base.BaseUITest.closeTests(BaseUITest.java:16)\n","duration":76000,"status":"failed"},"match":{"location":"tek.sdet.framework.base.BaseUITest.closeTests(io.cucumber.java.Scenario)"}}],"type":"scenario","keyword":"Scenario","steps":[{"result":{"duration":33000,"status":"skipped"},"line":7,"name":"User is on retail website","match":{"location":"tek.sdet.framework.steps.RetailSteps.userIsOnRetailWebsite()"},"keyword":"Given "},{"result":{"duration":16000,"status":"skipped"},"line":8,"name":"User search for \"pokemon\" product","match":{"arguments":[{"val":"\"pokemon\"","offset":16}],"location":"tek.sdet.framework.steps.RetailSteps.userSearchForProduct(java.lang.String)"},"keyword":"When "},{"result":{"duration":15000,"status":"skipped"},"line":9,"name":"The product should be displayed","match":{"location":"tek.sdet.framework.steps.RetailSteps.theProductShouldBeDisplayed()"},"keyword":"Then "}],"tags":[{"name":"@jenkinsRun"},{"name":"@test24"}]}],"name":"This feature is use for testing UI of Retail Page","description":"","id":"this-feature-is-use-for-testing-ui-of-retail-page","keyword":"Feature","uri":"classpath:features/Retail.feature","tags":[{"name":"@jenkinsRun","type":"Tag","location":{"line":1,"column":1}}]},{"line":2,"elements":[{"line":4,"name":"","description":"","type":"background","keyword":"Background","steps":[{"result":{"duration":36000,"status":"skipped"},"line":5,"name":"User is on retail website","match":{"location":"tek.sdet.framework.steps.RetailSteps.userIsOnRetailWebsite()"},"keyword":"Given "},{"result":{"duration":22000,"status":"skipped"},"line":6,"name":"User click on Sign in option","match":{"location":"tek.sdet.framework.steps.SignInSteps.userClickOnSignInOption()"},"keyword":"When "},{"result":{"duration":18000,"status":"skipped"},"line":7,"name":"User enter email 'james12345@gmail.com' and password 'Home/1234'","match":{"arguments":[{"val":"'james12345@gmail.com'","offset":17},{"val":"'Home/1234'","offset":53}],"location":"tek.sdet.framework.steps.SignInSteps.userEnterEmailAndPassword(java.lang.String,java.lang.String)"},"keyword":"And "},{"result":{"duration":16000,"status":"skipped"},"line":8,"name":"User click on login button","match":{"location":"tek.sdet.framework.steps.SignInSteps.userClickOnLoginButton()"},"keyword":"And "},{"result":{"duration":15000,"status":"skipped"},"line":9,"name":"User should be logged in into Account","match":{"location":"tek.sdet.framework.steps.SignInSteps.userShouldBeLoggedInIntoAccount()"},"keyword":"And "}]},{"start_timestamp":"2023-03-12T18:51:51.684Z","before":[{"result":{"error_message":"org.openqa.selenium.remote.http.ConnectionFailedException: Unable to establish websocket connection to http://localhost:50676/devtools/browser/5d55ac4b-2e29-4e0f-8a3a-f643759f1322\nBuild info: version: '4.4.0', revision: 'e5c75ed026a'\nSystem info: host: 'Johns-MBP', ip: '2600:4040:4020:1e00:59a3:d540:dde7:be92%en0', os.name: 'Mac OS X', os.arch: 'aarch64', os.version: '13.2', java.version: '17.0.4.1'\nDriver info: driver.version: ChromeDriver\n\tat org.openqa.selenium.remote.http.netty.NettyWebSocket.<init>(NettyWebSocket.java:102)\n\tat org.openqa.selenium.remote.http.netty.NettyWebSocket.lambda$create$3(NettyWebSocket.java:128)\n\tat org.openqa.selenium.remote.http.netty.NettyClient.openSocket(NettyClient.java:106)\n\tat org.openqa.selenium.devtools.Connection.<init>(Connection.java:77)\n\tat org.openqa.selenium.chromium.ChromiumDriver.lambda$new$2(ChromiumDriver.java:116)\n\tat java.base/java.util.Optional.map(Optional.java:260)\n\tat org.openqa.selenium.chromium.ChromiumDriver.<init>(ChromiumDriver.java:114)\n\tat org.openqa.selenium.chrome.ChromeDriver.<init>(ChromeDriver.java:81)\n\tat org.openqa.selenium.chrome.ChromeDriver.<init>(ChromeDriver.java:70)\n\tat tek.sdet.framework.config.ChromeHeadless.openBrowser(ChromeHeadless.java:16)\n\tat tek.sdet.framework.base.BaseSetup.setupBrowser(BaseSetup.java:54)\n\tat tek.sdet.framework.base.BaseUITest.setupTests(BaseUITest.java:11)\n","duration":306106000,"status":"failed"},"match":{"location":"tek.sdet.framework.base.BaseUITest.setupTests()"}}],"line":12,"name":"Verify User can update Profile Information","description":"","id":"retail-application-account-feature;verify-user-can-update-profile-information","after":[{"result":{"error_message":"java.lang.NullPointerException: Cannot invoke \"org.openqa.selenium.TakesScreenshot.getScreenshotAs(org.openqa.selenium.OutputType)\" because the return value of \"tek.sdet.framework.utilities.CommonUtility.getDriver()\" is null\n\tat tek.sdet.framework.utilities.CommonUtility.takeScreenShotAsBytes(CommonUtility.java:60)\n\tat tek.sdet.framework.base.BaseUITest.closeTests(BaseUITest.java:16)\n","duration":85000,"status":"failed"},"match":{"location":"tek.sdet.framework.base.BaseUITest.closeTests(io.cucumber.java.Scenario)"}}],"type":"scenario","keyword":"Scenario","steps":[{"result":{"duration":16000,"status":"skipped"},"line":13,"name":"User click on Account option","match":{"location":"tek.sdet.framework.steps.RetailAccountSteps.userClickOnAccountOption()"},"keyword":"When "},{"result":{"duration":15000,"status":"skipped"},"line":14,"name":"User update Name 'Jack' and Phone '1012028855'","match":{"arguments":[{"val":"'Jack'","offset":17},{"val":"'1012028855'","offset":34}],"location":"tek.sdet.framework.steps.RetailAccountSteps.userUpdateNameAndPhone(java.lang.String,java.lang.String)"},"keyword":"And "},{"result":{"duration":16000,"status":"skipped"},"line":15,"name":"User click on Update button","match":{"location":"tek.sdet.framework.steps.RetailAccountSteps.userClickOnUpdateButton()"},"keyword":"And "},{"result":{"duration":14000,"status":"skipped"},"line":16,"name":"User profile information should be updated","match":{"location":"tek.sdet.framework.steps.RetailAccountSteps.userProfileInformationShouldBeUpdated()"},"keyword":"Then "}],"tags":[{"name":"@jenkinsRun"}]},{"line":4,"name":"","description":"","type":"background","keyword":"Background","steps":[{"result":{"duration":40000,"status":"skipped"},"line":5,"name":"User is on retail website","match":{"location":"tek.sdet.framework.steps.RetailSteps.userIsOnRetailWebsite()"},"keyword":"Given "},{"result":{"duration":18000,"status":"skipped"},"line":6,"name":"User click on Sign in option","match":{"location":"tek.sdet.framework.steps.SignInSteps.userClickOnSignInOption()"},"keyword":"When "},{"result":{"duration":15000,"status":"skipped"},"line":7,"name":"User enter email 'james12345@gmail.com' and password 'Home/1234'","match":{"arguments":[{"val":"'james12345@gmail.com'","offset":17},{"val":"'Home/1234'","offset":53}],"location":"tek.sdet.framework.steps.SignInSteps.userEnterEmailAndPassword(java.lang.String,java.lang.String)"},"keyword":"And "},{"result":{"duration":14000,"status":"skipped"},"line":8,"name":"User click on login button","match":{"location":"tek.sdet.framework.steps.SignInSteps.userClickOnLoginButton()"},"keyword":"And "},{"result":{"duration":16000,"status":"skipped"},"line":9,"name":"User should be logged in into Account","match":{"location":"tek.sdet.framework.steps.SignInSteps.userShouldBeLoggedInIntoAccount()"},"keyword":"And "}]},{"start_timestamp":"2023-03-12T18:51:51.998Z","before":[{"result":{"error_message":"org.openqa.selenium.remote.http.ConnectionFailedException: Unable to establish websocket connection to http://localhost:50685/devtools/browser/09a569c7-9786-467b-9c00-473b0d66c919\nBuild info: version: '4.4.0', revision: 'e5c75ed026a'\nSystem info: host: 'Johns-MBP', ip: '2600:4040:4020:1e00:59a3:d540:dde7:be92%en0', os.name: 'Mac OS X', os.arch: 'aarch64', os.version: '13.2', java.version: '17.0.4.1'\nDriver info: driver.version: ChromeDriver\n\tat org.openqa.selenium.remote.http.netty.NettyWebSocket.<init>(NettyWebSocket.java:102)\n\tat org.openqa.selenium.remote.http.netty.NettyWebSocket.lambda$create$3(NettyWebSocket.java:128)\n\tat org.openqa.selenium.remote.http.netty.NettyClient.openSocket(NettyClient.java:106)\n\tat org.openqa.selenium.devtools.Connection.<init>(Connection.java:77)\n\tat org.openqa.selenium.chromium.ChromiumDriver.lambda$new$2(ChromiumDriver.java:116)\n\tat java.base/java.util.Optional.map(Optional.java:260)\n\tat org.openqa.selenium.chromium.ChromiumDriver.<init>(ChromiumDriver.java:114)\n\tat org.openqa.selenium.chrome.ChromeDriver.<init>(ChromeDriver.java:81)\n\tat org.openqa.selenium.chrome.ChromeDriver.<init>(ChromeDriver.java:70)\n\tat tek.sdet.framework.config.ChromeHeadless.openBrowser(ChromeHeadless.java:16)\n\tat tek.sdet.framework.base.BaseSetup.setupBrowser(BaseSetup.java:54)\n\tat tek.sdet.framework.base.BaseUITest.setupTests(BaseUITest.java:11)\n","duration":304403000,"status":"failed"},"match":{"location":"tek.sdet.framework.base.BaseUITest.setupTests()"}}],"line":28,"name":"Verify User can add a payment method","description":"","id":"retail-application-account-feature;verify-user-can-add-a-payment-method","after":[{"result":{"error_message":"java.lang.NullPointerException: Cannot invoke \"org.openqa.selenium.TakesScreenshot.getScreenshotAs(org.openqa.selenium.OutputType)\" because the return value of \"tek.sdet.framework.utilities.CommonUtility.getDriver()\" is null\n\tat tek.sdet.framework.utilities.CommonUtility.takeScreenShotAsBytes(CommonUtility.java:60)\n\tat tek.sdet.framework.base.BaseUITest.closeTests(BaseUITest.java:16)\n","duration":72000,"status":"failed"},"match":{"location":"tek.sdet.framework.base.BaseUITest.closeTests(io.cucumber.java.Scenario)"}}],"type":"scenario","keyword":"Scenario","steps":[{"result":{"duration":15000,"status":"skipped"},"line":29,"name":"User click on Account option","match":{"location":"tek.sdet.framework.steps.RetailAccountSteps.userClickOnAccountOption()"},"keyword":"When "},{"result":{"duration":13000,"status":"skipped"},"line":30,"name":"User click on Add a payment method link","match":{"location":"tek.sdet.framework.steps.RetailAccountSteps.userClickOnAddAPaymentMethodLink()"},"keyword":"And "},{"result":{"duration":38000,"status":"skipped"},"line":31,"name":"User fill Debit or credit card information","match":{"location":"tek.sdet.framework.steps.RetailAccountSteps.userFillDebitOrCreditCardInformation(io.cucumber.datatable.DataTable)"},"rows":[{"cells":["cardNumber","nameOnCard","expirationMonth","expirationYear","securityCode"]},{"cells":["4563783745631110","James Bond","6","2034","007"]}],"keyword":"And "},{"result":{"duration":16000,"status":"skipped"},"line":34,"name":"User click on Add your card button","match":{"location":"tek.sdet.framework.steps.RetailAccountSteps.userClickOnAddYourCardButton()"},"keyword":"And "},{"result":{"duration":15000,"status":"skipped"},"line":35,"name":"a message should be displayed ‘Payment Method added successfully’","match":{"location":"tek.sdet.framework.steps.RetailAccountSteps.aMessageShouldBeDisplayedPaymentMethodAddedSuccessfully()"},"keyword":"Then "}],"tags":[{"name":"@jenkinsRun"}]},{"line":4,"name":"","description":"","type":"background","keyword":"Background","steps":[{"result":{"duration":40000,"status":"skipped"},"line":5,"name":"User is on retail website","match":{"location":"tek.sdet.framework.steps.RetailSteps.userIsOnRetailWebsite()"},"keyword":"Given "},{"result":{"duration":16000,"status":"skipped"},"line":6,"name":"User click on Sign in option","match":{"location":"tek.sdet.framework.steps.SignInSteps.userClickOnSignInOption()"},"keyword":"When "},{"result":{"duration":17000,"status":"skipped"},"line":7,"name":"User enter email 'james12345@gmail.com' and password 'Home/1234'","match":{"arguments":[{"val":"'james12345@gmail.com'","offset":17},{"val":"'Home/1234'","offset":53}],"location":"tek.sdet.framework.steps.SignInSteps.userEnterEmailAndPassword(java.lang.String,java.lang.String)"},"keyword":"And "},{"result":{"duration":15000,"status":"skipped"},"line":8,"name":"User click on login button","match":{"location":"tek.sdet.framework.steps.SignInSteps.userClickOnLoginButton()"},"keyword":"And "},{"result":{"duration":51000,"status":"skipped"},"line":9,"name":"User should be logged in into Account","match":{"location":"tek.sdet.framework.steps.SignInSteps.userShouldBeLoggedInIntoAccount()"},"keyword":"And "}]},{"start_timestamp":"2023-03-12T18:51:52.306Z","before":[{"result":{"error_message":"org.openqa.selenium.remote.http.ConnectionFailedException: Unable to establish websocket connection to http://localhost:50694/devtools/browser/f6de6c4d-366a-44b1-9d23-6e525dd05769\nBuild info: version: '4.4.0', revision: 'e5c75ed026a'\nSystem info: host: 'Johns-MBP', ip: '2600:4040:4020:1e00:59a3:d540:dde7:be92%en0', os.name: 'Mac OS X', os.arch: 'aarch64', os.version: '13.2', java.version: '17.0.4.1'\nDriver info: driver.version: ChromeDriver\n\tat org.openqa.selenium.remote.http.netty.NettyWebSocket.<init>(NettyWebSocket.java:102)\n\tat org.openqa.selenium.remote.http.netty.NettyWebSocket.lambda$create$3(NettyWebSocket.java:128)\n\tat org.openqa.selenium.remote.http.netty.NettyClient.openSocket(NettyClient.java:106)\n\tat org.openqa.selenium.devtools.Connection.<init>(Connection.java:77)\n\tat org.openqa.selenium.chromium.ChromiumDriver.lambda$new$2(ChromiumDriver.java:116)\n\tat java.base/java.util.Optional.map(Optional.java:260)\n\tat org.openqa.selenium.chromium.ChromiumDriver.<init>(ChromiumDriver.java:114)\n\tat org.openqa.selenium.chrome.ChromeDriver.<init>(ChromeDriver.java:81)\n\tat org.openqa.selenium.chrome.ChromeDriver.<init>(ChromeDriver.java:70)\n\tat tek.sdet.framework.config.ChromeHeadless.openBrowser(ChromeHeadless.java:16)\n\tat tek.sdet.framework.base.BaseSetup.setupBrowser(BaseSetup.java:54)\n\tat tek.sdet.framework.base.BaseUITest.setupTests(BaseUITest.java:11)\n","duration":302625000,"status":"failed"},"match":{"location":"tek.sdet.framework.base.BaseUITest.setupTests()"}}],"line":38,"name":"Verify User can edit Debit or Credit card","description":"","id":"retail-application-account-feature;verify-user-can-edit-debit-or-credit-card","after":[{"result":{"error_message":"java.lang.NullPointerException: Cannot invoke \"org.openqa.selenium.TakesScreenshot.getScreenshotAs(org.openqa.selenium.OutputType)\" because the return value of \"tek.sdet.framework.utilities.CommonUtility.getDriver()\" is null\n\tat tek.sdet.framework.utilities.CommonUtility.takeScreenShotAsBytes(CommonUtility.java:60)\n\tat tek.sdet.framework.base.BaseUITest.closeTests(BaseUITest.java:16)\n","duration":69000,"status":"failed"},"match":{"location":"tek.sdet.framework.base.BaseUITest.closeTests(io.cucumber.java.Scenario)"}}],"type":"scenario","keyword":"Scenario","steps":[{"result":{"duration":15000,"status":"skipped"},"line":39,"name":"User click on Account option","match":{"location":"tek.sdet.framework.steps.RetailAccountSteps.userClickOnAccountOption()"},"keyword":"When "},{"result":{"duration":13000,"status":"skipped"},"line":40,"name":"User click on Edit option of card section","match":{"location":"tek.sdet.framework.steps.RetailAccountSteps.userClickOnEditOptionOfCardSection()"},"keyword":"And "},{"result":{"duration":24000,"status":"skipped"},"line":41,"name":"user edit information with below data","match":{"location":"tek.sdet.framework.steps.RetailAccountSteps.userEditInformationWithBelowData(io.cucumber.datatable.DataTable)"},"rows":[{"cells":["cardNumber","nameOnCard","expirationMonth","expirationYear","securityCode"]},{"cells":["4589689563254712","Toby Stark","11","2026","021"]}],"keyword":"And "},{"result":{"duration":23000,"status":"skipped"},"line":44,"name":"user click on Update Your Card button","match":{"location":"tek.sdet.framework.steps.RetailAccountSteps.userClickOnUpdateYourCardButton()"},"keyword":"And "},{"result":{"duration":14000,"status":"skipped"},"line":45,"name":"a message should be displayed ‘Payment Method updated Successfully’","match":{"location":"tek.sdet.framework.steps.RetailAccountSteps.aMessageShouldBeDisplayedPaymentMethodUpdatedSuccessfully()"},"keyword":"Then "}],"tags":[{"name":"@jenkinsRun"}]},{"line":4,"name":"","description":"","type":"background","keyword":"Background","steps":[{"result":{"duration":30000,"status":"skipped"},"line":5,"name":"User is on retail website","match":{"location":"tek.sdet.framework.steps.RetailSteps.userIsOnRetailWebsite()"},"keyword":"Given "},{"result":{"duration":20000,"status":"skipped"},"line":6,"name":"User click on Sign in option","match":{"location":"tek.sdet.framework.steps.SignInSteps.userClickOnSignInOption()"},"keyword":"When "},{"result":{"duration":15000,"status":"skipped"},"line":7,"name":"User enter email 'james12345@gmail.com' and password 'Home/1234'","match":{"arguments":[{"val":"'james12345@gmail.com'","offset":17},{"val":"'Home/1234'","offset":53}],"location":"tek.sdet.framework.steps.SignInSteps.userEnterEmailAndPassword(java.lang.String,java.lang.String)"},"keyword":"And "},{"result":{"duration":13000,"status":"skipped"},"line":8,"name":"User click on login button","match":{"location":"tek.sdet.framework.steps.SignInSteps.userClickOnLoginButton()"},"keyword":"And "},{"result":{"duration":25000,"status":"skipped"},"line":9,"name":"User should be logged in into Account","match":{"location":"tek.sdet.framework.steps.SignInSteps.userShouldBeLoggedInIntoAccount()"},"keyword":"And "}]},{"start_timestamp":"2023-03-12T18:51:52.613Z","before":[{"result":{"error_message":"org.openqa.selenium.remote.http.ConnectionFailedException: Unable to establish websocket connection to http://localhost:50703/devtools/browser/1a1391c0-e4c9-43ef-b4f5-64c793db4d37\nBuild info: version: '4.4.0', revision: 'e5c75ed026a'\nSystem info: host: 'Johns-MBP', ip: '2600:4040:4020:1e00:59a3:d540:dde7:be92%en0', os.name: 'Mac OS X', os.arch: 'aarch64', os.version: '13.2', java.version: '17.0.4.1'\nDriver info: driver.version: ChromeDriver\n\tat org.openqa.selenium.remote.http.netty.NettyWebSocket.<init>(NettyWebSocket.java:102)\n\tat org.openqa.selenium.remote.http.netty.NettyWebSocket.lambda$create$3(NettyWebSocket.java:128)\n\tat org.openqa.selenium.remote.http.netty.NettyClient.openSocket(NettyClient.java:106)\n\tat org.openqa.selenium.devtools.Connection.<init>(Connection.java:77)\n\tat org.openqa.selenium.chromium.ChromiumDriver.lambda$new$2(ChromiumDriver.java:116)\n\tat java.base/java.util.Optional.map(Optional.java:260)\n\tat org.openqa.selenium.chromium.ChromiumDriver.<init>(ChromiumDriver.java:114)\n\tat org.openqa.selenium.chrome.ChromeDriver.<init>(ChromeDriver.java:81)\n\tat org.openqa.selenium.chrome.ChromeDriver.<init>(ChromeDriver.java:70)\n\tat tek.sdet.framework.config.ChromeHeadless.openBrowser(ChromeHeadless.java:16)\n\tat tek.sdet.framework.base.BaseSetup.setupBrowser(BaseSetup.java:54)\n\tat tek.sdet.framework.base.BaseUITest.setupTests(BaseUITest.java:11)\n","duration":299658000,"status":"failed"},"match":{"location":"tek.sdet.framework.base.BaseUITest.setupTests()"}}],"line":54,"name":"Verify User can add an Address","description":"","id":"retail-application-account-feature;verify-user-can-add-an-address","after":[{"result":{"error_message":"java.lang.NullPointerException: Cannot invoke \"org.openqa.selenium.TakesScreenshot.getScreenshotAs(org.openqa.selenium.OutputType)\" because the return value of \"tek.sdet.framework.utilities.CommonUtility.getDriver()\" is null\n\tat tek.sdet.framework.utilities.CommonUtility.takeScreenShotAsBytes(CommonUtility.java:60)\n\tat tek.sdet.framework.base.BaseUITest.closeTests(BaseUITest.java:16)\n","duration":74000,"status":"failed"},"match":{"location":"tek.sdet.framework.base.BaseUITest.closeTests(io.cucumber.java.Scenario)"}}],"type":"scenario","keyword":"Scenario","steps":[{"result":{"duration":16000,"status":"skipped"},"line":55,"name":"User click on Account option","match":{"location":"tek.sdet.framework.steps.RetailAccountSteps.userClickOnAccountOption()"},"keyword":"When "},{"result":{"duration":15000,"status":"skipped"},"line":56,"name":"User click on Add address option","match":{"location":"tek.sdet.framework.steps.RetailAccountSteps.userClickOnAddAddressOption()"},"keyword":"And "},{"result":{"duration":137000,"status":"skipped"},"line":57,"name":"user fill new address form with below information","match":{"location":"tek.sdet.framework.steps.RetailAccountSteps.userFillNewAddressFormWithBelowInformation(io.cucumber.datatable.DataTable)"},"rows":[{"cells":["country","fullName","phoneNumber","streetAddress","apt","city","state","zipCode"]},{"cells":["United States","Robis","7045647685","115 nowhere st","4","salem","Illinois","45878"]}],"keyword":"And "},{"result":{"duration":39000,"status":"skipped"},"line":60,"name":"User click Add Your Address button","match":{"location":"tek.sdet.framework.steps.RetailAccountSteps.userClickAddYourAddressButton()"},"keyword":"And "},{"result":{"duration":18000,"status":"skipped"},"line":61,"name":"a message should be displayed 'Address Added Successfully'","match":{"arguments":[{"val":"'Address Added Successfully'","offset":30}],"location":"tek.sdet.framework.steps.RetailAccountSteps.aMessageShouldBeDisplayed(java.lang.String)"},"keyword":"Then "}],"tags":[{"name":"@jenkinsRun"}]},{"line":4,"name":"","description":"","type":"background","keyword":"Background","steps":[{"result":{"duration":28000,"status":"skipped"},"line":5,"name":"User is on retail website","match":{"location":"tek.sdet.framework.steps.RetailSteps.userIsOnRetailWebsite()"},"keyword":"Given "},{"result":{"duration":15000,"status":"skipped"},"line":6,"name":"User click on Sign in option","match":{"location":"tek.sdet.framework.steps.SignInSteps.userClickOnSignInOption()"},"keyword":"When "},{"result":{"duration":19000,"status":"skipped"},"line":7,"name":"User enter email 'james12345@gmail.com' and password 'Home/1234'","match":{"arguments":[{"val":"'james12345@gmail.com'","offset":17},{"val":"'Home/1234'","offset":53}],"location":"tek.sdet.framework.steps.SignInSteps.userEnterEmailAndPassword(java.lang.String,java.lang.String)"},"keyword":"And "},{"result":{"duration":13000,"status":"skipped"},"line":8,"name":"User click on login button","match":{"location":"tek.sdet.framework.steps.SignInSteps.userClickOnLoginButton()"},"keyword":"And "},{"result":{"duration":12000,"status":"skipped"},"line":9,"name":"User should be logged in into Account","match":{"location":"tek.sdet.framework.steps.SignInSteps.userShouldBeLoggedInIntoAccount()"},"keyword":"And "}]},{"start_timestamp":"2023-03-12T18:51:52.917Z","before":[{"result":{"error_message":"org.openqa.selenium.remote.http.ConnectionFailedException: Unable to establish websocket connection to http://localhost:50712/devtools/browser/2197a504-4163-4618-87d8-a2af3c6d122b\nBuild info: version: '4.4.0', revision: 'e5c75ed026a'\nSystem info: host: 'Johns-MBP', ip: '2600:4040:4020:1e00:59a3:d540:dde7:be92%en0', os.name: 'Mac OS X', os.arch: 'aarch64', os.version: '13.2', java.version: '17.0.4.1'\nDriver info: driver.version: ChromeDriver\n\tat org.openqa.selenium.remote.http.netty.NettyWebSocket.<init>(NettyWebSocket.java:102)\n\tat org.openqa.selenium.remote.http.netty.NettyWebSocket.lambda$create$3(NettyWebSocket.java:128)\n\tat org.openqa.selenium.remote.http.netty.NettyClient.openSocket(NettyClient.java:106)\n\tat org.openqa.selenium.devtools.Connection.<init>(Connection.java:77)\n\tat org.openqa.selenium.chromium.ChromiumDriver.lambda$new$2(ChromiumDriver.java:116)\n\tat java.base/java.util.Optional.map(Optional.java:260)\n\tat org.openqa.selenium.chromium.ChromiumDriver.<init>(ChromiumDriver.java:114)\n\tat org.openqa.selenium.chrome.ChromeDriver.<init>(ChromeDriver.java:81)\n\tat org.openqa.selenium.chrome.ChromeDriver.<init>(ChromeDriver.java:70)\n\tat tek.sdet.framework.config.ChromeHeadless.openBrowser(ChromeHeadless.java:16)\n\tat tek.sdet.framework.base.BaseSetup.setupBrowser(BaseSetup.java:54)\n\tat tek.sdet.framework.base.BaseUITest.setupTests(BaseUITest.java:11)\n","duration":302692000,"status":"failed"},"match":{"location":"tek.sdet.framework.base.BaseUITest.setupTests()"}}],"line":64,"name":"Verify User can edit an Address added on account","description":"","id":"retail-application-account-feature;verify-user-can-edit-an-address-added-on-account","after":[{"result":{"error_message":"java.lang.NullPointerException: Cannot invoke \"org.openqa.selenium.TakesScreenshot.getScreenshotAs(org.openqa.selenium.OutputType)\" because the return value of \"tek.sdet.framework.utilities.CommonUtility.getDriver()\" is null\n\tat tek.sdet.framework.utilities.CommonUtility.takeScreenShotAsBytes(CommonUtility.java:60)\n\tat tek.sdet.framework.base.BaseUITest.closeTests(BaseUITest.java:16)\n","duration":77000,"status":"failed"},"match":{"location":"tek.sdet.framework.base.BaseUITest.closeTests(io.cucumber.java.Scenario)"}}],"type":"scenario","keyword":"Scenario","steps":[{"result":{"duration":12000,"status":"skipped"},"line":65,"name":"User click on Account option","match":{"location":"tek.sdet.framework.steps.RetailAccountSteps.userClickOnAccountOption()"},"keyword":"When "},{"result":{"duration":11000,"status":"skipped"},"line":66,"name":"User click on edit address option","match":{"location":"tek.sdet.framework.steps.RetailAccountSteps.userClickOnEditAddressOption()"},"keyword":"And "},{"result":{"duration":19000,"status":"skipped"},"line":67,"name":"user fill new address form with below information","match":{"location":"tek.sdet.framework.steps.RetailAccountSteps.userFillNewAddressFormWithBelowInformation(io.cucumber.datatable.DataTable)"},"rows":[{"cells":["country","fullName","phoneNumber","streetAddress","apt","city","state","zipCode"]},{"cells":["United States","bird Eye","7013452344","1245 movie st","2","marvel","Virginia","56894"]}],"keyword":"And "},{"result":{"duration":18000,"status":"skipped"},"line":70,"name":"User click update Your Address button","match":{"location":"tek.sdet.framework.steps.RetailAccountSteps.userClickUpdateYourAddressButton()"},"keyword":"And "},{"result":{"duration":14000,"status":"skipped"},"line":71,"name":"a message should be displayed ‘Address Updated Successfully’","match":{"location":"tek.sdet.framework.steps.RetailAccountSteps.aMessageShouldBeDisplayedAddressUpdatedSuccessfully()"},"keyword":"Then "}],"tags":[{"name":"@jenkinsRun"}]},{"line":4,"name":"","description":"","type":"background","keyword":"Background","steps":[{"result":{"duration":33000,"status":"skipped"},"line":5,"name":"User is on retail website","match":{"location":"tek.sdet.framework.steps.RetailSteps.userIsOnRetailWebsite()"},"keyword":"Given "},{"result":{"duration":14000,"status":"skipped"},"line":6,"name":"User click on Sign in option","match":{"location":"tek.sdet.framework.steps.SignInSteps.userClickOnSignInOption()"},"keyword":"When "},{"result":{"duration":20000,"status":"skipped"},"line":7,"name":"User enter email 'james12345@gmail.com' and password 'Home/1234'","match":{"arguments":[{"val":"'james12345@gmail.com'","offset":17},{"val":"'Home/1234'","offset":53}],"location":"tek.sdet.framework.steps.SignInSteps.userEnterEmailAndPassword(java.lang.String,java.lang.String)"},"keyword":"And "},{"result":{"duration":12000,"status":"skipped"},"line":8,"name":"User click on login button","match":{"location":"tek.sdet.framework.steps.SignInSteps.userClickOnLoginButton()"},"keyword":"And "},{"result":{"duration":11000,"status":"skipped"},"line":9,"name":"User should be logged in into Account","match":{"location":"tek.sdet.framework.steps.SignInSteps.userShouldBeLoggedInIntoAccount()"},"keyword":"And "}]},{"start_timestamp":"2023-03-12T18:51:53.223Z","before":[{"result":{"error_message":"org.openqa.selenium.remote.http.ConnectionFailedException: Unable to establish websocket connection to http://localhost:50721/devtools/browser/e0535f16-2c1c-494f-9345-e4d78aca6b06\nBuild info: version: '4.4.0', revision: 'e5c75ed026a'\nSystem info: host: 'Johns-MBP', ip: '2600:4040:4020:1e00:59a3:d540:dde7:be92%en0', os.name: 'Mac OS X', os.arch: 'aarch64', os.version: '13.2', java.version: '17.0.4.1'\nDriver info: driver.version: ChromeDriver\n\tat org.openqa.selenium.remote.http.netty.NettyWebSocket.<init>(NettyWebSocket.java:102)\n\tat org.openqa.selenium.remote.http.netty.NettyWebSocket.lambda$create$3(NettyWebSocket.java:128)\n\tat org.openqa.selenium.remote.http.netty.NettyClient.openSocket(NettyClient.java:106)\n\tat org.openqa.selenium.devtools.Connection.<init>(Connection.java:77)\n\tat org.openqa.selenium.chromium.ChromiumDriver.lambda$new$2(ChromiumDriver.java:116)\n\tat java.base/java.util.Optional.map(Optional.java:260)\n\tat org.openqa.selenium.chromium.ChromiumDriver.<init>(ChromiumDriver.java:114)\n\tat org.openqa.selenium.chrome.ChromeDriver.<init>(ChromeDriver.java:81)\n\tat org.openqa.selenium.chrome.ChromeDriver.<init>(ChromeDriver.java:70)\n\tat tek.sdet.framework.config.ChromeHeadless.openBrowser(ChromeHeadless.java:16)\n\tat tek.sdet.framework.base.BaseSetup.setupBrowser(BaseSetup.java:54)\n\tat tek.sdet.framework.base.BaseUITest.setupTests(BaseUITest.java:11)\n","duration":301435000,"status":"failed"},"match":{"location":"tek.sdet.framework.base.BaseUITest.setupTests()"}}],"line":74,"name":"Verify User can remove Address from Account","description":"","id":"retail-application-account-feature;verify-user-can-remove-address-from-account","after":[{"result":{"error_message":"java.lang.NullPointerException: Cannot invoke \"org.openqa.selenium.TakesScreenshot.getScreenshotAs(org.openqa.selenium.OutputType)\" because the return value of \"tek.sdet.framework.utilities.CommonUtility.getDriver()\" is null\n\tat tek.sdet.framework.utilities.CommonUtility.takeScreenShotAsBytes(CommonUtility.java:60)\n\tat tek.sdet.framework.base.BaseUITest.closeTests(BaseUITest.java:16)\n","duration":182000,"status":"failed"},"match":{"location":"tek.sdet.framework.base.BaseUITest.closeTests(io.cucumber.java.Scenario)"}}],"type":"scenario","keyword":"Scenario","steps":[{"result":{"duration":12000,"status":"skipped"},"line":75,"name":"User click on Account option","match":{"location":"tek.sdet.framework.steps.RetailAccountSteps.userClickOnAccountOption()"},"keyword":"When "},{"result":{"duration":10000,"status":"skipped"},"line":76,"name":"User click on remove option of Address section","match":{"location":"tek.sdet.framework.steps.RetailAccountSteps.userClickOnRemoveOptionOfAddressSection()"},"keyword":"And "},{"result":{"duration":18000,"status":"skipped"},"line":77,"name":"Address details should be removed","match":{"location":"tek.sdet.framework.steps.RetailAccountSteps.addressDetailsShouldBeRemoved()"},"keyword":"Then "}],"tags":[{"name":"@test13"},{"name":"@jenkinsRun"}]}],"name":"Retail Application Account Feature","description":"","id":"retail-application-account-feature","keyword":"Feature","uri":"classpath:features/RetailAccount.feature","tags":[]},{"line":2,"elements":[{"start_timestamp":"2023-03-12T18:51:53.529Z","before":[{"result":{"error_message":"org.openqa.selenium.remote.http.ConnectionFailedException: Unable to establish websocket connection to http://localhost:50730/devtools/browser/505312c7-1116-4ad5-96db-ea0b0a002395\nBuild info: version: '4.4.0', revision: 'e5c75ed026a'\nSystem info: host: 'Johns-MBP', ip: '2600:4040:4020:1e00:59a3:d540:dde7:be92%en0', os.name: 'Mac OS X', os.arch: 'aarch64', os.version: '13.2', java.version: '17.0.4.1'\nDriver info: driver.version: ChromeDriver\n\tat org.openqa.selenium.remote.http.netty.NettyWebSocket.<init>(NettyWebSocket.java:102)\n\tat org.openqa.selenium.remote.http.netty.NettyWebSocket.lambda$create$3(NettyWebSocket.java:128)\n\tat org.openqa.selenium.remote.http.netty.NettyClient.openSocket(NettyClient.java:106)\n\tat org.openqa.selenium.devtools.Connection.<init>(Connection.java:77)\n\tat org.openqa.selenium.chromium.ChromiumDriver.lambda$new$2(ChromiumDriver.java:116)\n\tat java.base/java.util.Optional.map(Optional.java:260)\n\tat org.openqa.selenium.chromium.ChromiumDriver.<init>(ChromiumDriver.java:114)\n\tat org.openqa.selenium.chrome.ChromeDriver.<init>(ChromeDriver.java:81)\n\tat org.openqa.selenium.chrome.ChromeDriver.<init>(ChromeDriver.java:70)\n\tat tek.sdet.framework.config.ChromeHeadless.openBrowser(ChromeHeadless.java:16)\n\tat tek.sdet.framework.base.BaseSetup.setupBrowser(BaseSetup.java:54)\n\tat tek.sdet.framework.base.BaseUITest.setupTests(BaseUITest.java:11)\n","duration":300781000,"status":"failed"},"match":{"location":"tek.sdet.framework.base.BaseUITest.setupTests()"}}],"line":5,"name":"Verify User can cancel the order","description":"","id":"retail-order-page;verify-user-can-cancel-the-order","after":[{"result":{"error_message":"java.lang.NullPointerException: Cannot invoke \"org.openqa.selenium.TakesScreenshot.getScreenshotAs(org.openqa.selenium.OutputType)\" because the return value of \"tek.sdet.framework.utilities.CommonUtility.getDriver()\" is null\n\tat tek.sdet.framework.utilities.CommonUtility.takeScreenShotAsBytes(CommonUtility.java:60)\n\tat tek.sdet.framework.base.BaseUITest.closeTests(BaseUITest.java:16)\n","duration":76000,"status":"failed"},"match":{"location":"tek.sdet.framework.base.BaseUITest.closeTests(io.cucumber.java.Scenario)"}}],"type":"scenario","keyword":"Scenario","steps":[{"result":{"duration":26000,"status":"skipped"},"line":6,"name":"User is on retail website","match":{"location":"tek.sdet.framework.steps.RetailSteps.userIsOnRetailWebsite()"},"keyword":"Given "},{"result":{"duration":12000,"status":"skipped"},"line":7,"name":"User click on Sign in option","match":{"location":"tek.sdet.framework.steps.SignInSteps.userClickOnSignInOption()"},"keyword":"When "},{"result":{"duration":11000,"status":"skipped"},"line":8,"name":"User enter email 'james12345@gmail.com' and password 'Home/1234'","match":{"arguments":[{"val":"'james12345@gmail.com'","offset":17},{"val":"'Home/1234'","offset":53}],"location":"tek.sdet.framework.steps.SignInSteps.userEnterEmailAndPassword(java.lang.String,java.lang.String)"},"keyword":"And "},{"result":{"duration":11000,"status":"skipped"},"line":9,"name":"User click on login button","match":{"location":"tek.sdet.framework.steps.SignInSteps.userClickOnLoginButton()"},"keyword":"And "},{"result":{"duration":10000,"status":"skipped"},"line":10,"name":"User should be logged in into Account","match":{"location":"tek.sdet.framework.steps.SignInSteps.userShouldBeLoggedInIntoAccount()"},"keyword":"And "},{"result":{"duration":9000,"status":"skipped"},"line":11,"name":"User click on Orders section","match":{"location":"tek.sdet.framework.steps.RetailOrderSteps.userClickOnOrdersSection()"},"keyword":"And "},{"result":{"duration":16000,"status":"skipped"},"line":12,"name":"User click on first order in list","match":{"location":"tek.sdet.framework.steps.RetailOrderSteps.userClickOnFirstOrderInList()"},"keyword":"And "},{"result":{"duration":16000,"status":"skipped"},"line":13,"name":"User click on Cancel The Order button","match":{"location":"tek.sdet.framework.steps.RetailOrderSteps.userClickOnCancelTheOrderButton()"},"keyword":"And "},{"result":{"duration":10000,"status":"skipped"},"line":14,"name":"User select the cancelation Reason 'Bought wrong item'","match":{"arguments":[{"val":"'Bought wrong item'","offset":35}],"location":"tek.sdet.framework.steps.RetailOrderSteps.userSelectTheCancelationReason(java.lang.String)"},"keyword":"And "},{"result":{"duration":23000,"status":"skipped"},"line":15,"name":"User click on Cancel Order button","match":{"location":"tek.sdet.framework.steps.RetailOrderSteps.userClickOnCancelOrderButton()"},"keyword":"And "},{"result":{"duration":15000,"status":"skipped"},"line":16,"name":"a cancelation message should be displayed 'Your Order Has Been Cancelled'","match":{"arguments":[{"val":"'Your Order Has Been Cancelled'","offset":42}],"location":"tek.sdet.framework.steps.RetailOrderSteps.aCancelationMessageShouldBeDisplayed(java.lang.String)"},"keyword":"Then "}],"tags":[{"name":"@jenkinsRun"},{"name":"@Retail"}]},{"start_timestamp":"2023-03-12T18:51:53.834Z","before":[{"result":{"error_message":"org.openqa.selenium.remote.http.ConnectionFailedException: Unable to establish websocket connection to http://localhost:50739/devtools/browser/5d26c066-ba40-4c4d-8c7d-2270f2720a41\nBuild info: version: '4.4.0', revision: 'e5c75ed026a'\nSystem info: host: 'Johns-MBP', ip: '2600:4040:4020:1e00:59a3:d540:dde7:be92%en0', os.name: 'Mac OS X', os.arch: 'aarch64', os.version: '13.2', java.version: '17.0.4.1'\nDriver info: driver.version: ChromeDriver\n\tat org.openqa.selenium.remote.http.netty.NettyWebSocket.<init>(NettyWebSocket.java:102)\n\tat org.openqa.selenium.remote.http.netty.NettyWebSocket.lambda$create$3(NettyWebSocket.java:128)\n\tat org.openqa.selenium.remote.http.netty.NettyClient.openSocket(NettyClient.java:106)\n\tat org.openqa.selenium.devtools.Connection.<init>(Connection.java:77)\n\tat org.openqa.selenium.chromium.ChromiumDriver.lambda$new$2(ChromiumDriver.java:116)\n\tat java.base/java.util.Optional.map(Optional.java:260)\n\tat org.openqa.selenium.chromium.ChromiumDriver.<init>(ChromiumDriver.java:114)\n\tat org.openqa.selenium.chrome.ChromeDriver.<init>(ChromeDriver.java:81)\n\tat org.openqa.selenium.chrome.ChromeDriver.<init>(ChromeDriver.java:70)\n\tat tek.sdet.framework.config.ChromeHeadless.openBrowser(ChromeHeadless.java:16)\n\tat tek.sdet.framework.base.BaseSetup.setupBrowser(BaseSetup.java:54)\n\tat tek.sdet.framework.base.BaseUITest.setupTests(BaseUITest.java:11)\n","duration":312776000,"status":"failed"},"match":{"location":"tek.sdet.framework.base.BaseUITest.setupTests()"}}],"line":19,"name":"Verify User can Return the order","description":"","id":"retail-order-page;verify-user-can-return-the-order","after":[{"result":{"error_message":"java.lang.NullPointerException: Cannot invoke \"org.openqa.selenium.TakesScreenshot.getScreenshotAs(org.openqa.selenium.OutputType)\" because the return value of \"tek.sdet.framework.utilities.CommonUtility.getDriver()\" is null\n\tat tek.sdet.framework.utilities.CommonUtility.takeScreenShotAsBytes(CommonUtility.java:60)\n\tat tek.sdet.framework.base.BaseUITest.closeTests(BaseUITest.java:16)\n","duration":58000,"status":"failed"},"match":{"location":"tek.sdet.framework.base.BaseUITest.closeTests(io.cucumber.java.Scenario)"}}],"type":"scenario","keyword":"Scenario","steps":[{"result":{"duration":33000,"status":"skipped"},"line":20,"name":"User is on retail website","match":{"location":"tek.sdet.framework.steps.RetailSteps.userIsOnRetailWebsite()"},"keyword":"Given "},{"result":{"duration":12000,"status":"skipped"},"line":21,"name":"User click on Sign in option","match":{"location":"tek.sdet.framework.steps.SignInSteps.userClickOnSignInOption()"},"keyword":"When "},{"result":{"duration":10000,"status":"skipped"},"line":22,"name":"User enter email 'henry@gmail.com' and password 'Home/1234'","match":{"arguments":[{"val":"'henry@gmail.com'","offset":17},{"val":"'Home/1234'","offset":48}],"location":"tek.sdet.framework.steps.SignInSteps.userEnterEmailAndPassword(java.lang.String,java.lang.String)"},"keyword":"And "},{"result":{"duration":9000,"status":"skipped"},"line":23,"name":"User click on login button","match":{"location":"tek.sdet.framework.steps.SignInSteps.userClickOnLoginButton()"},"keyword":"And "},{"result":{"duration":9000,"status":"skipped"},"line":24,"name":"User should be logged in into Account","match":{"location":"tek.sdet.framework.steps.SignInSteps.userShouldBeLoggedInIntoAccount()"},"keyword":"And "},{"result":{"duration":9000,"status":"skipped"},"line":25,"name":"User click on Orders section","match":{"location":"tek.sdet.framework.steps.RetailOrderSteps.userClickOnOrdersSection()"},"keyword":"And "},{"result":{"duration":11000,"status":"skipped"},"line":26,"name":"User click on first order in list","match":{"location":"tek.sdet.framework.steps.RetailOrderSteps.userClickOnFirstOrderInList()"},"keyword":"And "},{"result":{"duration":9000,"status":"skipped"},"line":27,"name":"User click on Return Items button","match":{"location":"tek.sdet.framework.steps.RetailOrderSteps.userClickOnReturnItemsButton()"},"keyword":"And "},{"result":{"duration":8000,"status":"skipped"},"line":28,"name":"User select the Return Reason 'Item damaged'","match":{"arguments":[{"val":"'Item damaged'","offset":30}],"location":"tek.sdet.framework.steps.RetailOrderSteps.userSelectTheReturnReason(java.lang.String)"},"keyword":"And "},{"result":{"duration":9000,"status":"skipped"},"line":29,"name":"User select the drop off service 'FedEx'","match":{"arguments":[{"val":"'FedEx'","offset":33}],"location":"tek.sdet.framework.steps.RetailOrderSteps.userSelectTheDropOffService(java.lang.String)"},"keyword":"And "},{"result":{"duration":9000,"status":"skipped"},"line":30,"name":"User click on Return Order button","match":{"location":"tek.sdet.framework.steps.RetailOrderSteps.userClickOnReturnOrderButton()"},"keyword":"And "},{"result":{"duration":9000,"status":"skipped"},"line":31,"name":"a cancelation message should be displayed 'Return was successful'","match":{"arguments":[{"val":"'Return was successful'","offset":42}],"location":"tek.sdet.framework.steps.RetailOrderSteps.aCancelationMessageShouldBeDisplayed(java.lang.String)"},"keyword":"Then "}],"tags":[{"name":"@jenkinsRun"},{"name":"@Retail1"}]},{"start_timestamp":"2023-03-12T18:51:54.150Z","before":[{"result":{"error_message":"org.openqa.selenium.remote.http.ConnectionFailedException: Unable to establish websocket connection to http://localhost:50748/devtools/browser/d39756f3-2508-44a0-90f7-c01a925ea0ca\nBuild info: version: '4.4.0', revision: 'e5c75ed026a'\nSystem info: host: 'Johns-MBP', ip: '2600:4040:4020:1e00:59a3:d540:dde7:be92%en0', os.name: 'Mac OS X', os.arch: 'aarch64', os.version: '13.2', java.version: '17.0.4.1'\nDriver info: driver.version: ChromeDriver\n\tat org.openqa.selenium.remote.http.netty.NettyWebSocket.<init>(NettyWebSocket.java:102)\n\tat org.openqa.selenium.remote.http.netty.NettyWebSocket.lambda$create$3(NettyWebSocket.java:128)\n\tat org.openqa.selenium.remote.http.netty.NettyClient.openSocket(NettyClient.java:106)\n\tat org.openqa.selenium.devtools.Connection.<init>(Connection.java:77)\n\tat org.openqa.selenium.chromium.ChromiumDriver.lambda$new$2(ChromiumDriver.java:116)\n\tat java.base/java.util.Optional.map(Optional.java:260)\n\tat org.openqa.selenium.chromium.ChromiumDriver.<init>(ChromiumDriver.java:114)\n\tat org.openqa.selenium.chrome.ChromeDriver.<init>(ChromeDriver.java:81)\n\tat org.openqa.selenium.chrome.ChromeDriver.<init>(ChromeDriver.java:70)\n\tat tek.sdet.framework.config.ChromeHeadless.openBrowser(ChromeHeadless.java:16)\n\tat tek.sdet.framework.base.BaseSetup.setupBrowser(BaseSetup.java:54)\n\tat tek.sdet.framework.base.BaseUITest.setupTests(BaseUITest.java:11)\n","duration":326379000,"status":"failed"},"match":{"location":"tek.sdet.framework.base.BaseUITest.setupTests()"}}],"line":34,"name":"Verify User can write a review on order placed","description":"","id":"retail-order-page;verify-user-can-write-a-review-on-order-placed","after":[{"result":{"error_message":"java.lang.NullPointerException: Cannot invoke \"org.openqa.selenium.TakesScreenshot.getScreenshotAs(org.openqa.selenium.OutputType)\" because the return value of \"tek.sdet.framework.utilities.CommonUtility.getDriver()\" is null\n\tat tek.sdet.framework.utilities.CommonUtility.takeScreenShotAsBytes(CommonUtility.java:60)\n\tat tek.sdet.framework.base.BaseUITest.closeTests(BaseUITest.java:16)\n","duration":66000,"status":"failed"},"match":{"location":"tek.sdet.framework.base.BaseUITest.closeTests(io.cucumber.java.Scenario)"}}],"type":"scenario","keyword":"Scenario","steps":[{"result":{"duration":28000,"status":"skipped"},"line":35,"name":"User is on retail website","match":{"location":"tek.sdet.framework.steps.RetailSteps.userIsOnRetailWebsite()"},"keyword":"Given "},{"result":{"duration":15000,"status":"skipped"},"line":36,"name":"User click on Sign in option","match":{"location":"tek.sdet.framework.steps.SignInSteps.userClickOnSignInOption()"},"keyword":"When "},{"result":{"duration":11000,"status":"skipped"},"line":37,"name":"User enter email 'bryan@gmail.com' and password 'Home/1234'","match":{"arguments":[{"val":"'bryan@gmail.com'","offset":17},{"val":"'Home/1234'","offset":48}],"location":"tek.sdet.framework.steps.SignInSteps.userEnterEmailAndPassword(java.lang.String,java.lang.String)"},"keyword":"And "},{"result":{"duration":9000,"status":"skipped"},"line":38,"name":"User click on login button","match":{"location":"tek.sdet.framework.steps.SignInSteps.userClickOnLoginButton()"},"keyword":"And "},{"result":{"duration":14000,"status":"skipped"},"line":39,"name":"User should be logged in into Account","match":{"location":"tek.sdet.framework.steps.SignInSteps.userShouldBeLoggedInIntoAccount()"},"keyword":"And "},{"result":{"duration":9000,"status":"skipped"},"line":40,"name":"User click on Orders section","match":{"location":"tek.sdet.framework.steps.RetailOrderSteps.userClickOnOrdersSection()"},"keyword":"And "},{"result":{"duration":9000,"status":"skipped"},"line":41,"name":"User click on first order in list","match":{"location":"tek.sdet.framework.steps.RetailOrderSteps.userClickOnFirstOrderInList()"},"keyword":"And "},{"result":{"duration":9000,"status":"skipped"},"line":42,"name":"User click on Review button","match":{"location":"tek.sdet.framework.steps.RetailOrderSteps.userClickOnReviewButton()"},"keyword":"And "},{"result":{"duration":9000,"status":"skipped"},"line":43,"name":"User write Review headline 'headline value' and 'review text'","match":{"arguments":[{"val":"'headline value'","offset":27},{"val":"'review text'","offset":48}],"location":"tek.sdet.framework.steps.RetailOrderSteps.userWriteReviewHeadlineAnd(java.lang.String,java.lang.String)"},"keyword":"And "},{"result":{"duration":9000,"status":"skipped"},"line":44,"name":"User click Add your Review button","match":{"location":"tek.sdet.framework.steps.RetailOrderSteps.userClickAddYourReviewButton()"},"keyword":"And "},{"result":{"duration":9000,"status":"skipped"},"line":45,"name":"a review message should be displayed 'Your review was added successfully'","match":{"arguments":[{"val":"'Your review was added successfully'","offset":37}],"location":"tek.sdet.framework.steps.RetailOrderSteps.aReviewMessageShouldBeDisplayed(java.lang.String)"},"keyword":"Then "}],"tags":[{"name":"@jenkinsRun"},{"name":"@Retail2"}]}],"name":"Retail Order Page","description":"","id":"retail-order-page","keyword":"Feature","uri":"classpath:features/RetailOrder.feature","tags":[{"name":"@jenkinsRun","type":"Tag","location":{"line":1,"column":1}}]},{"line":2,"elements":[{"start_timestamp":"2023-03-12T18:51:54.479Z","before":[{"result":{"error_message":"org.openqa.selenium.remote.http.ConnectionFailedException: Unable to establish websocket connection to http://localhost:50757/devtools/browser/868785c9-b203-4115-a9b0-9d4f1df2b468\nBuild info: version: '4.4.0', revision: 'e5c75ed026a'\nSystem info: host: 'Johns-MBP', ip: '2600:4040:4020:1e00:59a3:d540:dde7:be92%en0', os.name: 'Mac OS X', os.arch: 'aarch64', os.version: '13.2', java.version: '17.0.4.1'\nDriver info: driver.version: ChromeDriver\n\tat org.openqa.selenium.remote.http.netty.NettyWebSocket.<init>(NettyWebSocket.java:102)\n\tat org.openqa.selenium.remote.http.netty.NettyWebSocket.lambda$create$3(NettyWebSocket.java:128)\n\tat org.openqa.selenium.remote.http.netty.NettyClient.openSocket(NettyClient.java:106)\n\tat org.openqa.selenium.devtools.Connection.<init>(Connection.java:77)\n\tat org.openqa.selenium.chromium.ChromiumDriver.lambda$new$2(ChromiumDriver.java:116)\n\tat java.base/java.util.Optional.map(Optional.java:260)\n\tat org.openqa.selenium.chromium.ChromiumDriver.<init>(ChromiumDriver.java:114)\n\tat org.openqa.selenium.chrome.ChromeDriver.<init>(ChromeDriver.java:81)\n\tat org.openqa.selenium.chrome.ChromeDriver.<init>(ChromeDriver.java:70)\n\tat tek.sdet.framework.config.ChromeHeadless.openBrowser(ChromeHeadless.java:16)\n\tat tek.sdet.framework.base.BaseSetup.setupBrowser(BaseSetup.java:54)\n\tat tek.sdet.framework.base.BaseUITest.setupTests(BaseUITest.java:11)\n","duration":328244000,"status":"failed"},"match":{"location":"tek.sdet.framework.base.BaseUITest.setupTests()"}}],"line":5,"name":"Verify user can sign in into Retail Application","description":"","id":"sign-in-feature;verify-user-can-sign-in-into-retail-application","after":[{"result":{"error_message":"java.lang.NullPointerException: Cannot invoke \"org.openqa.selenium.TakesScreenshot.getScreenshotAs(org.openqa.selenium.OutputType)\" because the return value of \"tek.sdet.framework.utilities.CommonUtility.getDriver()\" is null\n\tat tek.sdet.framework.utilities.CommonUtility.takeScreenShotAsBytes(CommonUtility.java:60)\n\tat tek.sdet.framework.base.BaseUITest.closeTests(BaseUITest.java:16)\n","duration":59000,"status":"failed"},"match":{"location":"tek.sdet.framework.base.BaseUITest.closeTests(io.cucumber.java.Scenario)"}}],"type":"scenario","keyword":"Scenario","steps":[{"result":{"duration":29000,"status":"skipped"},"line":6,"name":"User is on retail website","match":{"location":"tek.sdet.framework.steps.RetailSteps.userIsOnRetailWebsite()"},"keyword":"Given "},{"result":{"duration":11000,"status":"skipped"},"line":7,"name":"User click on Sign in option","match":{"location":"tek.sdet.framework.steps.SignInSteps.userClickOnSignInOption()"},"keyword":"When "},{"result":{"duration":10000,"status":"skipped"},"line":8,"name":"User enter email 'james12345@gmail.com' and password 'Home/1234'","match":{"arguments":[{"val":"'james12345@gmail.com'","offset":17},{"val":"'Home/1234'","offset":53}],"location":"tek.sdet.framework.steps.SignInSteps.userEnterEmailAndPassword(java.lang.String,java.lang.String)"},"keyword":"And "},{"result":{"duration":12000,"status":"skipped"},"line":9,"name":"User click on login button","match":{"location":"tek.sdet.framework.steps.SignInSteps.userClickOnLoginButton()"},"keyword":"And "},{"result":{"duration":10000,"status":"skipped"},"line":10,"name":"User should be logged in into Account","match":{"location":"tek.sdet.framework.steps.SignInSteps.userShouldBeLoggedInIntoAccount()"},"keyword":"Then "}],"tags":[{"name":"@jenkinsRun"},{"name":"@test3"}]},{"start_timestamp":"2023-03-12T18:51:54.812Z","before":[{"result":{"error_message":"org.openqa.selenium.remote.http.ConnectionFailedException: Unable to establish websocket connection to http://localhost:50766/devtools/browser/8b3d7771-83dd-48da-9749-f0a9db91b838\nBuild info: version: '4.4.0', revision: 'e5c75ed026a'\nSystem info: host: 'Johns-MBP', ip: '2600:4040:4020:1e00:59a3:d540:dde7:be92%en0', os.name: 'Mac OS X', os.arch: 'aarch64', os.version: '13.2', java.version: '17.0.4.1'\nDriver info: driver.version: ChromeDriver\n\tat org.openqa.selenium.remote.http.netty.NettyWebSocket.<init>(NettyWebSocket.java:102)\n\tat org.openqa.selenium.remote.http.netty.NettyWebSocket.lambda$create$3(NettyWebSocket.java:128)\n\tat org.openqa.selenium.remote.http.netty.NettyClient.openSocket(NettyClient.java:106)\n\tat org.openqa.selenium.devtools.Connection.<init>(Connection.java:77)\n\tat org.openqa.selenium.chromium.ChromiumDriver.lambda$new$2(ChromiumDriver.java:116)\n\tat java.base/java.util.Optional.map(Optional.java:260)\n\tat org.openqa.selenium.chromium.ChromiumDriver.<init>(ChromiumDriver.java:114)\n\tat org.openqa.selenium.chrome.ChromeDriver.<init>(ChromeDriver.java:81)\n\tat org.openqa.selenium.chrome.ChromeDriver.<init>(ChromeDriver.java:70)\n\tat tek.sdet.framework.config.ChromeHeadless.openBrowser(ChromeHeadless.java:16)\n\tat tek.sdet.framework.base.BaseSetup.setupBrowser(BaseSetup.java:54)\n\tat tek.sdet.framework.base.BaseUITest.setupTests(BaseUITest.java:11)\n","duration":323045000,"status":"failed"},"match":{"location":"tek.sdet.framework.base.BaseUITest.setupTests()"}}],"line":12,"name":"Verify user can create an account into Retail Website","description":"","id":"sign-in-feature;verify-user-can-create-an-account-into-retail-website","after":[{"result":{"error_message":"java.lang.NullPointerException: Cannot invoke \"org.openqa.selenium.TakesScreenshot.getScreenshotAs(org.openqa.selenium.OutputType)\" because the return value of \"tek.sdet.framework.utilities.CommonUtility.getDriver()\" is null\n\tat tek.sdet.framework.utilities.CommonUtility.takeScreenShotAsBytes(CommonUtility.java:60)\n\tat tek.sdet.framework.base.BaseUITest.closeTests(BaseUITest.java:16)\n","duration":64000,"status":"failed"},"match":{"location":"tek.sdet.framework.base.BaseUITest.closeTests(io.cucumber.java.Scenario)"}}],"type":"scenario","keyword":"Scenario","steps":[{"result":{"duration":32000,"status":"skipped"},"line":13,"name":"User is on retail website","match":{"location":"tek.sdet.framework.steps.RetailSteps.userIsOnRetailWebsite()"},"keyword":"Given "},{"result":{"duration":11000,"status":"skipped"},"line":14,"name":"User click on Sign in option","match":{"location":"tek.sdet.framework.steps.SignInSteps.userClickOnSignInOption()"},"keyword":"When "},{"result":{"duration":16000,"status":"skipped"},"line":15,"name":"User click on Create New Account button","match":{"location":"tek.sdet.framework.steps.SignInSteps.userClickOnCreateNewAccountButton()"},"keyword":"And "},{"result":{"duration":15000,"status":"skipped"},"line":16,"name":"User fill the signUp information with below data","match":{"location":"tek.sdet.framework.steps.SignInSteps.userFillTheSignUpInformationWithBelowData(io.cucumber.datatable.DataTable)"},"rows":[{"cells":["name","email","password","confirmPassword"]},{"cells":["fullName","email","Tek@12345","Tek@12345"]}],"keyword":"And "},{"result":{"duration":10000,"status":"skipped"},"line":19,"name":"User click on SignUp button","match":{"location":"tek.sdet.framework.steps.SignInSteps.userClickOnSignUpButton()"},"keyword":"And "},{"result":{"duration":9000,"status":"skipped"},"line":20,"name":"User should be logged into account page","match":{"location":"tek.sdet.framework.steps.SignInSteps.userShouldBeLoggedIntoAccountPage()"},"keyword":"Then "}],"tags":[{"name":"@jenkinsRun"}]}],"name":"Sign In Feature","description":"","id":"sign-in-feature","keyword":"Feature","uri":"classpath:features/SignIn.feature","tags":[{"name":"@jenkinsRun","type":"Tag","location":{"line":1,"column":1}}]}]